#
# There is insufficient memory for the Java Runtime Environment to continue.
# Native memory allocation (malloc) failed to allocate 1343696 bytes for Chunk::new
# Possible reasons:
#   The system is out of physical RAM or swap space
#   The process is running with CompressedOops enabled, and the Java Heap may be blocking the growth of the native heap
# Possible solutions:
#   Reduce memory load on the system
#   Increase physical memory or swap space
#   Check if swap backing store is full
#   Decrease Java heap size (-Xmx/-Xms)
#   Decrease number of Java threads
#   Decrease Java thread stack sizes (-Xss)
#   Set larger code cache with -XX:ReservedCodeCacheSize=
#   JVM is running with Unscaled Compressed Oops mode in which the Java heap is
#     placed in the first 4GB address space. The Java Heap base address is the
#     maximum limit for the native heap growth. Please use -XX:HeapBaseMinAddress
#     to set the Java Heap base and to place the Java Heap above 4GB virtual address.
# This output file may be truncated or incomplete.
#
#  Out of Memory Error (arena.cpp:189), pid=35664, tid=28760
#
# JRE version: OpenJDK Runtime Environment Temurin-17.0.7+7 (17.0.7+7) (build 17.0.7+7)
# Java VM: OpenJDK 64-Bit Server VM Temurin-17.0.7+7 (17.0.7+7, mixed mode, tiered, compressed oops, compressed class ptrs, parallel gc, windows-amd64)
# No core dump will be written. Minidumps are not enabled by default on client versions of Windows
#

---------------  S U M M A R Y ------------

Command Line: --add-modules=ALL-SYSTEM --add-opens=java.base/java.util=ALL-UNNAMED --add-opens=java.base/java.lang=ALL-UNNAMED --add-opens=java.base/sun.nio.fs=ALL-UNNAMED -Declipse.application=org.eclipse.jdt.ls.core.id1 -Dosgi.bundles.defaultStartLevel=4 -Declipse.product=org.eclipse.jdt.ls.core.product -Djava.import.generatesMetadataFilesAtProjectRoot=false -Dfile.encoding=utf8 -XX:+UseParallelGC -XX:GCTimeRatio=4 -XX:AdaptiveSizePolicyWeight=90 -Dsun.zip.disableMemoryMapping=true -Xmx1G -Xms100m -Xlog:disable -javaagent:c:\Users\HP\.vscode\extensions\redhat.java-1.18.0-win32-x64\lombok\lombok-1.18.27.jar -XX:+HeapDumpOnOutOfMemoryError -XX:HeapDumpPath=c:\Users\HP\AppData\Roaming\Code\User\workspaceStorage\7afaf4856f376c750ba9fc515b4c1f96\redhat.java -Daether.dependencyCollector.impl=bf c:\Users\HP\.vscode\extensions\redhat.java-1.18.0-win32-x64\server\plugins\org.eclipse.equinox.launcher_1.6.400.v20210924-0641.jar -configuration c:\Users\HP\AppData\Roaming\Code\User\globalStorage\redhat.java\1.18.0\config_win -data c:\Users\HP\AppData\Roaming\Code\User\workspaceStorage\7afaf4856f376c750ba9fc515b4c1f96\redhat.java\jdt_ws

Host: 11th Gen Intel(R) Core(TM) i7-11370H @ 3.30GHz, 8 cores, 15G,  Windows 10 , 64 bit Build 19041 (10.0.19041.2913)
Time: Wed May 17 20:04:53 2023  Windows 10 , 64 bit Build 19041 (10.0.19041.2913) elapsed time: 4.400230 seconds (0d 0h 0m 4s)

---------------  T H R E A D  ---------------

Current thread (0x000002259f800250):  JavaThread "C2 CompilerThread2" daemon [_thread_in_native, id=28760, stack(0x000000d5c9300000,0x000000d5c9400000)]


Current CompileTask:
C2:   4400 5470   !   4       org.eclipse.osgi.internal.loader.BundleLoader::findClass0 (466 bytes)

Stack: [0x000000d5c9300000,0x000000d5c9400000]
Native frames: (J=compiled Java code, j=interpreted, Vv=VM code, C=native code)
V  [jvm.dll+0x67754a]
V  [jvm.dll+0x834304]
V  [jvm.dll+0x835aae]
V  [jvm.dll+0x836113]
V  [jvm.dll+0x24696f]
V  [jvm.dll+0xac0ac]
V  [jvm.dll+0xac67c]
V  [jvm.dll+0x364de2]
V  [jvm.dll+0x32f6b1]
V  [jvm.dll+0x32eb5a]
V  [jvm.dll+0x219641]
V  [jvm.dll+0x218a61]
V  [jvm.dll+0x1a4d8d]
V  [jvm.dll+0x2284da]
V  [jvm.dll+0x226615]
V  [jvm.dll+0x7ea90b]
V  [jvm.dll+0x7e4e7a]
V  [jvm.dll+0x676395]
C  [ucrtbase.dll+0x21bb2]
C  [KERNEL32.DLL+0x17614]
C  [ntdll.dll+0x526a1]


---------------  P R O C E S S  ---------------

Threads class SMR info:
_java_thread_list=0x000002259fbe0350, length=30, elements={
0x00000225823027c0, 0x000002258011dcd0, 0x0000022596185cb0, 0x000002259b48b320,
0x000002259b48bde0, 0x000002259b48c8a0, 0x000002259b4b5030, 0x000002259b4b58f0,
0x000002259b48a580, 0x000002259b52b420, 0x000002259b5954e0, 0x000002259b7db850,
0x000002259c990ee0, 0x000002259cedf790, 0x000002259cda8a10, 0x000002259d2f55b0,
0x000002259cf68c00, 0x000002259d13dfa0, 0x000002259cf7e580, 0x000002259cffb880,
0x000002259d04a450, 0x000002259d54f800, 0x000002259d54d180, 0x000002259d54e4c0,
0x000002259d550670, 0x000002259f800250, 0x000002259d54db20, 0x000002259d54dff0,
0x000002259d54e990, 0x000002259d54ccb0
}

Java Threads: ( => current thread )
  0x00000225823027c0 JavaThread "main" [_thread_blocked, id=17028, stack(0x000000d5c7000000,0x000000d5c7100000)]
  0x000002258011dcd0 JavaThread "Reference Handler" daemon [_thread_blocked, id=12516, stack(0x000000d5c7300000,0x000000d5c7400000)]
  0x0000022596185cb0 JavaThread "Finalizer" daemon [_thread_blocked, id=42432, stack(0x000000d5c7400000,0x000000d5c7500000)]
  0x000002259b48b320 JavaThread "Signal Dispatcher" daemon [_thread_blocked, id=39584, stack(0x000000d5c7500000,0x000000d5c7600000)]
  0x000002259b48bde0 JavaThread "Attach Listener" daemon [_thread_blocked, id=40956, stack(0x000000d5c7600000,0x000000d5c7700000)]
  0x000002259b48c8a0 JavaThread "Service Thread" daemon [_thread_blocked, id=15836, stack(0x000000d5c7700000,0x000000d5c7800000)]
  0x000002259b4b5030 JavaThread "Monitor Deflation Thread" daemon [_thread_blocked, id=14768, stack(0x000000d5c7800000,0x000000d5c7900000)]
  0x000002259b4b58f0 JavaThread "C2 CompilerThread0" daemon [_thread_in_native, id=7404, stack(0x000000d5c7900000,0x000000d5c7a00000)]
  0x000002259b48a580 JavaThread "C1 CompilerThread0" daemon [_thread_in_native, id=22748, stack(0x000000d5c7a00000,0x000000d5c7b00000)]
  0x000002259b52b420 JavaThread "Sweeper thread" daemon [_thread_blocked, id=36148, stack(0x000000d5c7b00000,0x000000d5c7c00000)]
  0x000002259b5954e0 JavaThread "Common-Cleaner" daemon [_thread_blocked, id=30068, stack(0x000000d5c7c00000,0x000000d5c7d00000)]
  0x000002259b7db850 JavaThread "Notification Thread" daemon [_thread_blocked, id=37432, stack(0x000000d5c7d00000,0x000000d5c7e00000)]
  0x000002259c990ee0 JavaThread "Active Thread: Equinox Container: 1d9bf01e-7740-440c-aafd-1512b8929d54" [_thread_blocked, id=22876, stack(0x000000d5c8700000,0x000000d5c8800000)]
  0x000002259cedf790 JavaThread "Framework Event Dispatcher: Equinox Container: 1d9bf01e-7740-440c-aafd-1512b8929d54" daemon [_thread_blocked, id=43852, stack(0x000000d5c8800000,0x000000d5c8900000)]
  0x000002259cda8a10 JavaThread "Start Level: Equinox Container: 1d9bf01e-7740-440c-aafd-1512b8929d54" daemon [_thread_blocked, id=37000, stack(0x000000d5c8900000,0x000000d5c8a00000)]
  0x000002259d2f55b0 JavaThread "SCR Component Actor" daemon [_thread_blocked, id=36644, stack(0x000000d5c8a00000,0x000000d5c8b00000)]
  0x000002259cf68c00 JavaThread "SCR Component Registry" daemon [_thread_blocked, id=38032, stack(0x000000d5c7f00000,0x000000d5c8000000)]
  0x000002259d13dfa0 JavaThread "Worker-JM" [_thread_blocked, id=15212, stack(0x000000d5c8000000,0x000000d5c8100000)]
  0x000002259cf7e580 JavaThread "C2 CompilerThread1" daemon [_thread_in_native, id=33196, stack(0x000000d5c8c00000,0x000000d5c8d00000)]
  0x000002259cffb880 JavaThread "Worker-0: Refreshing workspace" [_thread_blocked, id=39972, stack(0x000000d5c8d00000,0x000000d5c8e00000)]
  0x000002259d04a450 JavaThread "Worker-1" [_thread_blocked, id=12884, stack(0x000000d5c8e00000,0x000000d5c8f00000)]
  0x000002259d54f800 JavaThread "Java indexing" daemon [_thread_blocked, id=34188, stack(0x000000d5c9000000,0x000000d5c9100000)]
  0x000002259d54d180 JavaThread "JNA Cleaner" daemon [_thread_blocked, id=36400, stack(0x000000d5c8f00000,0x000000d5c9000000)]
  0x000002259d54e4c0 JavaThread "pool-2-thread-1" [_thread_blocked, id=16452, stack(0x000000d5c9100000,0x000000d5c9200000)]
  0x000002259d550670 JavaThread "pool-1-thread-1" [_thread_in_native, id=28080, stack(0x000000d5c9200000,0x000000d5c9300000)]
=>0x000002259f800250 JavaThread "C2 CompilerThread2" daemon [_thread_in_native, id=28760, stack(0x000000d5c9300000,0x000000d5c9400000)]
  0x000002259d54db20 JavaThread "Worker-2" [_thread_blocked, id=31068, stack(0x000000d5c9400000,0x000000d5c9500000)]
  0x000002259d54dff0 JavaThread "Worker-3: Initialize workspace" [_thread_blocked, id=18536, stack(0x000000d5c9500000,0x000000d5c9600000)]
  0x000002259d54e990 JavaThread "ForkJoinPool.commonPool-worker-1" daemon [_thread_in_Java, id=34988, stack(0x000000d5c9600000,0x000000d5c9700000)]
  0x000002259d54ccb0 JavaThread "ForkJoinPool.commonPool-worker-2" daemon [_thread_blocked, id=28800, stack(0x000000d5c9700000,0x000000d5c9800000)]

Other Threads:
  0x000002259b460c20 VMThread "VM Thread" [stack: 0x000000d5c7200000,0x000000d5c7300000] [id=37448]
  0x000002259b7d5ff0 WatcherThread [stack: 0x000000d5c7e00000,0x000000d5c7f00000] [id=43124]
  0x000002258231a040 GCTaskThread "GC Thread#0" [stack: 0x000000d5c7100000,0x000000d5c7200000] [id=39568]
  0x000002259cccf030 GCTaskThread "GC Thread#1" [stack: 0x000000d5c8100000,0x000000d5c8200000] [id=30308]
  0x000002259cccf6f0 GCTaskThread "GC Thread#2" [stack: 0x000000d5c8200000,0x000000d5c8300000] [id=27776]
  0x000002259c667700 GCTaskThread "GC Thread#3" [stack: 0x000000d5c8300000,0x000000d5c8400000] [id=29340]
  0x000002259c6679b0 GCTaskThread "GC Thread#4" [stack: 0x000000d5c8400000,0x000000d5c8500000] [id=36436]
  0x000002259c667c60 GCTaskThread "GC Thread#5" [stack: 0x000000d5c8500000,0x000000d5c8600000] [id=38944]
  0x000002259c667f10 GCTaskThread "GC Thread#6" [stack: 0x000000d5c8600000,0x000000d5c8700000] [id=41900]
  0x00000225801f98a0 GCTaskThread "GC Thread#7" [stack: 0x000000d5c8b00000,0x000000d5c8c00000] [id=36776]

Threads with active compile tasks:
C2 CompilerThread0     4418 5493       4       org.eclipse.core.runtime.Path::computeSegments (163 bytes)
C1 CompilerThread0     4418 5512       2       org.eclipse.jdt.internal.core.builder.CompressedReader::readIntInRange (83 bytes)
C2 CompilerThread1     4418 5517       4       org.eclipse.jdt.internal.core.util.WeakHashSet::add (105 bytes)
C2 CompilerThread2     4418 5470   !   4       org.eclipse.osgi.internal.loader.BundleLoader::findClass0 (466 bytes)

VM state: not at safepoint (normal execution)

VM Mutex/Monitor currently owned by a thread: None

Heap address: 0x00000000c0000000, size: 1024 MB, Compressed Oops mode: 32-bit

CDS archive(s) not mapped
Compressed class space mapped at: 0x0000000100000000-0x0000000140000000, reserved size: 1073741824
Narrow klass base: 0x0000000000000000, Narrow klass shift: 3, Narrow klass range: 0x140000000

GC Precious Log:
 CPUs: 8 total, 8 available
 Memory: 16129M
 Large Page Support: Disabled
 NUMA Support: Disabled
 Compressed Oops: Enabled (32-bit)
 Alignments: Space 512K, Generation 512K, Heap 2M
 Heap Min Capacity: 100M
 Heap Initial Capacity: 100M
 Heap Max Capacity: 1G
 Pre-touch: Disabled
 Parallel Workers: 8

Heap:
 PSYoungGen      total 21504K, used 6241K [0x00000000eab00000, 0x00000000ec280000, 0x0000000100000000)
  eden space 18944K, 29% used [0x00000000eab00000,0x00000000eb082358,0x00000000ebd80000)
  from space 2560K, 23% used [0x00000000ebe80000,0x00000000ebf16248,0x00000000ec100000)
  to   space 1024K, 0% used [0x00000000ec180000,0x00000000ec180000,0x00000000ec280000)
 ParOldGen       total 68608K, used 25608K [0x00000000c0000000, 0x00000000c4300000, 0x00000000eab00000)
  object space 68608K, 37% used [0x00000000c0000000,0x00000000c1902038,0x00000000c4300000)
 Metaspace       used 52766K, committed 53760K, reserved 1114112K
  class space    used 5718K, committed 6144K, reserved 1048576K

Card table byte_map: [0x0000022581cb0000,0x0000022581ec0000] _byte_map_base: 0x00000225816b0000

Marking Bits: (ParMarkBitMap*) 0x00007ff97c7352c0
 Begin Bits: [0x0000022593f90000, 0x0000022594f90000)
 End Bits:   [0x0000022594f90000, 0x0000022595f90000)

Polling page: 0x00000225802c0000

Metaspace:

Usage:
  Non-class:     45.95 MB used.
      Class:      5.58 MB used.
       Both:     51.53 MB used.

Virtual space:
  Non-class space:       64.00 MB reserved,      46.50 MB ( 73%) committed,  1 nodes.
      Class space:        1.00 GB reserved,       6.00 MB ( <1%) committed,  1 nodes.
             Both:        1.06 GB reserved,      52.50 MB (  5%) committed. 

Chunk freelists:
   Non-Class:  1.53 MB
       Class:  9.90 MB
        Both:  11.43 MB

MaxMetaspaceSize: unlimited
CompressedClassSpaceSize: 1.00 GB
Initial GC threshold: 21.00 MB
Current GC threshold: 58.38 MB
CDS: off
MetaspaceReclaimPolicy: balanced
 - commit_granule_bytes: 65536.
 - commit_granule_words: 8192.
 - virtual_space_node_default_size: 8388608.
 - enlarge_chunks_in_place: 1.
 - new_chunks_are_fully_committed: 0.
 - uncommit_free_chunks: 1.
 - use_allocation_guard: 0.
 - handle_deallocations: 1.


Internal statistics:

num_allocs_failed_limit: 6.
num_arena_births: 620.
num_arena_deaths: 14.
num_vsnodes_births: 2.
num_vsnodes_deaths: 0.
num_space_committed: 840.
num_space_uncommitted: 0.
num_chunks_returned_to_freelist: 20.
num_chunks_taken_from_freelist: 2562.
num_chunk_merges: 10.
num_chunk_splits: 1662.
num_chunks_enlarged: 1030.
num_inconsistent_stats: 0.

CodeHeap 'non-profiled nmethods': size=120000Kb used=2588Kb max_used=2913Kb free=117411Kb
 bounds [0x000002258ca60000, 0x000002258cd40000, 0x0000022593f90000]
CodeHeap 'profiled nmethods': size=120000Kb used=9325Kb max_used=11096Kb free=110674Kb
 bounds [0x0000022584f90000, 0x0000022585a70000, 0x000002258c4c0000]
CodeHeap 'non-nmethods': size=5760Kb used=1300Kb max_used=1351Kb free=4460Kb
 bounds [0x000002258c4c0000, 0x000002258c730000, 0x000002258ca60000]
 total_blobs=5301 nmethods=4682 adapters=532
 compilation: enabled
              stopped_count=0, restarted_count=0
 full_count=0

Compilation events (20 events):
Event: 4.336 Thread 0x000002259cf7e580 nmethod 5468 0x000002258cb9f610 code [0x000002258cb9f880, 0x000002258cba18d0]
Event: 4.336 Thread 0x000002259b48a580 nmethod 5473 0x0000022585382c90 code [0x0000022585382fc0, 0x0000022585384078]
Event: 4.341 Thread 0x000002259b4b58f0 5474       4       org.eclipse.osgi.internal.loader.ModuleClassLoader::loadClass (36 bytes)
Event: 4.344 Thread 0x000002259b4b58f0 nmethod 5474 0x000002258cad4790 code [0x000002258cad4940, 0x000002258cad4b38]
Event: 4.360 Thread 0x000002259b4b58f0 5475   !   4       java.util.zip.ZipFile$ZipFileInflaterInputStream::close (67 bytes)
Event: 4.375 Thread 0x000002259b48a580 5476       3       java.lang.Long::toString (55 bytes)
Event: 4.375 Thread 0x000002259b48a580 nmethod 5476 0x0000022585463710 code [0x00000225854638e0, 0x0000022585463c18]
Event: 4.376 Thread 0x000002259b48a580 5477 % !   3       org.eclipse.jdt.internal.compiler.parser.Parser::readTable @ 101 (145 bytes)
Event: 4.376 Thread 0x000002259b48a580 nmethod 5477% 0x00000225852baa10 code [0x00000225852bac80, 0x00000225852bb808]
Event: 4.379 Thread 0x000002259b48a580 5478 %     3       org.eclipse.jdt.internal.compiler.parser.Parser::computeReverseTable @ 51 (92 bytes)
Event: 4.379 Thread 0x000002259b48a580 nmethod 5478% 0x00000225850b3c90 code [0x00000225850b3e80, 0x00000225850b4478]
Event: 4.379 Thread 0x000002259b48a580 5479       3       org.eclipse.jdt.internal.compiler.parser.Parser::computeReverseTable (92 bytes)
Event: 4.379 Thread 0x000002259b48a580 nmethod 5479 0x00000225853e3490 code [0x00000225853e3660, 0x00000225853e3b78]
Event: 4.379 Thread 0x000002259cf7e580 5480 %     4       org.eclipse.jdt.internal.compiler.parser.Parser::computeReverseTable @ 17 (92 bytes)
Event: 4.380 Thread 0x000002259b48a580 5482   !   3       org.eclipse.jdt.internal.compiler.parser.Parser::readTable (145 bytes)
Event: 4.380 Thread 0x000002259b48a580 nmethod 5482 0x00000225856cec90 code [0x00000225856cef00, 0x00000225856cf9c8]
Event: 4.384 Thread 0x000002259b4b58f0 nmethod 5475 0x000002258cae8610 code [0x000002258cae8860, 0x000002258cae9f70]
Event: 4.384 Thread 0x000002259b4b58f0 5481   !   4       org.eclipse.osgi.storage.bundlefile.CloseableBundleFile$BundleEntryInputStream::read (17 bytes)
Event: 4.386 Thread 0x000002259b4b58f0 nmethod 5481 0x000002258cbe6710 code [0x000002258cbe68a0, 0x000002258cbe6988]
Event: 4.388 Thread 0x000002259cf7e580 nmethod 5480% 0x000002258caa4890 code [0x000002258caa4a20, 0x000002258caa4dd8]

GC Heap History (20 events):
Event: 2.547 GC heap before
{Heap before GC invocations=10 (full 1):
 PSYoungGen      total 26112K, used 9081K [0x00000000eab00000, 0x00000000ece00000, 0x0000000100000000)
  eden space 22528K, 24% used [0x00000000eab00000,0x00000000eb061490,0x00000000ec100000)
  from space 3584K, 99% used [0x00000000ec700000,0x00000000eca7cfa0,0x00000000eca80000)
  to   space 6144K, 0% used [0x00000000ec100000,0x00000000ec100000,0x00000000ec700000)
 ParOldGen       total 68608K, used 10033K [0x00000000c0000000, 0x00000000c4300000, 0x00000000eab00000)
  object space 68608K, 14% used [0x00000000c0000000,0x00000000c09cc610,0x00000000c4300000)
 Metaspace       used 34985K, committed 35840K, reserved 1114112K
  class space    used 3556K, committed 3904K, reserved 1048576K
}
Event: 2.548 GC heap after
{Heap after GC invocations=10 (full 1):
 PSYoungGen      total 24576K, used 1693K [0x00000000eab00000, 0x00000000ec800000, 0x0000000100000000)
  eden space 22528K, 0% used [0x00000000eab00000,0x00000000eab00000,0x00000000ec100000)
  from space 2048K, 82% used [0x00000000ec100000,0x00000000ec2a7788,0x00000000ec300000)
  to   space 3072K, 0% used [0x00000000ec500000,0x00000000ec500000,0x00000000ec800000)
 ParOldGen       total 68608K, used 12302K [0x00000000c0000000, 0x00000000c4300000, 0x00000000eab00000)
  object space 68608K, 17% used [0x00000000c0000000,0x00000000c0c03b80,0x00000000c4300000)
 Metaspace       used 34985K, committed 35840K, reserved 1114112K
  class space    used 3556K, committed 3904K, reserved 1048576K
}
Event: 2.548 GC heap before
{Heap before GC invocations=11 (full 2):
 PSYoungGen      total 24576K, used 1693K [0x00000000eab00000, 0x00000000ec800000, 0x0000000100000000)
  eden space 22528K, 0% used [0x00000000eab00000,0x00000000eab00000,0x00000000ec100000)
  from space 2048K, 82% used [0x00000000ec100000,0x00000000ec2a7788,0x00000000ec300000)
  to   space 3072K, 0% used [0x00000000ec500000,0x00000000ec500000,0x00000000ec800000)
 ParOldGen       total 68608K, used 12302K [0x00000000c0000000, 0x00000000c4300000, 0x00000000eab00000)
  object space 68608K, 17% used [0x00000000c0000000,0x00000000c0c03b80,0x00000000c4300000)
 Metaspace       used 34985K, committed 35840K, reserved 1114112K
  class space    used 3556K, committed 3904K, reserved 1048576K
}
Event: 2.564 GC heap after
{Heap after GC invocations=11 (full 2):
 PSYoungGen      total 24576K, used 0K [0x00000000eab00000, 0x00000000ec800000, 0x0000000100000000)
  eden space 22528K, 0% used [0x00000000eab00000,0x00000000eab00000,0x00000000ec100000)
  from space 2048K, 0% used [0x00000000ec100000,0x00000000ec100000,0x00000000ec300000)
  to   space 3072K, 0% used [0x00000000ec500000,0x00000000ec500000,0x00000000ec800000)
 ParOldGen       total 68608K, used 13595K [0x00000000c0000000, 0x00000000c4300000, 0x00000000eab00000)
  object space 68608K, 19% used [0x00000000c0000000,0x00000000c0d46ed0,0x00000000c4300000)
 Metaspace       used 34985K, committed 35840K, reserved 1114112K
  class space    used 3556K, committed 3904K, reserved 1048576K
}
Event: 2.744 GC heap before
{Heap before GC invocations=12 (full 2):
 PSYoungGen      total 24576K, used 22527K [0x00000000eab00000, 0x00000000ec800000, 0x0000000100000000)
  eden space 22528K, 99% used [0x00000000eab00000,0x00000000ec0fffe8,0x00000000ec100000)
  from space 2048K, 0% used [0x00000000ec100000,0x00000000ec100000,0x00000000ec300000)
  to   space 3072K, 0% used [0x00000000ec500000,0x00000000ec500000,0x00000000ec800000)
 ParOldGen       total 68608K, used 13595K [0x00000000c0000000, 0x00000000c4300000, 0x00000000eab00000)
  object space 68608K, 19% used [0x00000000c0000000,0x00000000c0d46ed0,0x00000000c4300000)
 Metaspace       used 38449K, committed 39296K, reserved 1114112K
  class space    used 4027K, committed 4416K, reserved 1048576K
}
Event: 2.746 GC heap after
{Heap after GC invocations=12 (full 2):
 PSYoungGen      total 23040K, used 1024K [0x00000000eab00000, 0x00000000ec600000, 0x0000000100000000)
  eden space 22016K, 0% used [0x00000000eab00000,0x00000000eab00000,0x00000000ec080000)
  from space 1024K, 100% used [0x00000000ec500000,0x00000000ec600000,0x00000000ec600000)
  to   space 1536K, 0% used [0x00000000ec300000,0x00000000ec300000,0x00000000ec480000)
 ParOldGen       total 68608K, used 13603K [0x00000000c0000000, 0x00000000c4300000, 0x00000000eab00000)
  object space 68608K, 19% used [0x00000000c0000000,0x00000000c0d48ed0,0x00000000c4300000)
 Metaspace       used 38449K, committed 39296K, reserved 1114112K
  class space    used 4027K, committed 4416K, reserved 1048576K
}
Event: 2.947 GC heap before
{Heap before GC invocations=13 (full 2):
 PSYoungGen      total 23040K, used 23040K [0x00000000eab00000, 0x00000000ec600000, 0x0000000100000000)
  eden space 22016K, 100% used [0x00000000eab00000,0x00000000ec080000,0x00000000ec080000)
  from space 1024K, 100% used [0x00000000ec500000,0x00000000ec600000,0x00000000ec600000)
  to   space 1536K, 0% used [0x00000000ec300000,0x00000000ec300000,0x00000000ec480000)
 ParOldGen       total 68608K, used 13603K [0x00000000c0000000, 0x00000000c4300000, 0x00000000eab00000)
  object space 68608K, 19% used [0x00000000c0000000,0x00000000c0d48ed0,0x00000000c4300000)
 Metaspace       used 40195K, committed 41088K, reserved 1114112K
  class space    used 4261K, committed 4672K, reserved 1048576K
}
Event: 2.948 GC heap after
{Heap after GC invocations=13 (full 2):
 PSYoungGen      total 23552K, used 672K [0x00000000eab00000, 0x00000000ec580000, 0x0000000100000000)
  eden space 22016K, 0% used [0x00000000eab00000,0x00000000eab00000,0x00000000ec080000)
  from space 1536K, 43% used [0x00000000ec300000,0x00000000ec3a8000,0x00000000ec480000)
  to   space 1024K, 0% used [0x00000000ec480000,0x00000000ec480000,0x00000000ec580000)
 ParOldGen       total 68608K, used 14524K [0x00000000c0000000, 0x00000000c4300000, 0x00000000eab00000)
  object space 68608K, 21% used [0x00000000c0000000,0x00000000c0e2f2d8,0x00000000c4300000)
 Metaspace       used 40195K, committed 41088K, reserved 1114112K
  class space    used 4261K, committed 4672K, reserved 1048576K
}
Event: 3.205 GC heap before
{Heap before GC invocations=14 (full 2):
 PSYoungGen      total 23552K, used 22688K [0x00000000eab00000, 0x00000000ec580000, 0x0000000100000000)
  eden space 22016K, 100% used [0x00000000eab00000,0x00000000ec080000,0x00000000ec080000)
  from space 1536K, 43% used [0x00000000ec300000,0x00000000ec3a8000,0x00000000ec480000)
  to   space 1024K, 0% used [0x00000000ec480000,0x00000000ec480000,0x00000000ec580000)
 ParOldGen       total 68608K, used 14524K [0x00000000c0000000, 0x00000000c4300000, 0x00000000eab00000)
  object space 68608K, 21% used [0x00000000c0000000,0x00000000c0e2f2d8,0x00000000c4300000)
 Metaspace       used 42884K, committed 43776K, reserved 1114112K
  class space    used 4616K, committed 4992K, reserved 1048576K
}
Event: 3.206 GC heap after
{Heap after GC invocations=14 (full 2):
 PSYoungGen      total 23040K, used 1024K [0x00000000eab00000, 0x00000000ec580000, 0x0000000100000000)
  eden space 22016K, 0% used [0x00000000eab00000,0x00000000eab00000,0x00000000ec080000)
  from space 1024K, 100% used [0x00000000ec480000,0x00000000ec580000,0x00000000ec580000)
  to   space 2048K, 0% used [0x00000000ec180000,0x00000000ec180000,0x00000000ec380000)
 ParOldGen       total 68608K, used 15060K [0x00000000c0000000, 0x00000000c4300000, 0x00000000eab00000)
  object space 68608K, 21% used [0x00000000c0000000,0x00000000c0eb52d8,0x00000000c4300000)
 Metaspace       used 42884K, committed 43776K, reserved 1114112K
  class space    used 4616K, committed 4992K, reserved 1048576K
}
Event: 3.520 GC heap before
{Heap before GC invocations=15 (full 2):
 PSYoungGen      total 23040K, used 23040K [0x00000000eab00000, 0x00000000ec580000, 0x0000000100000000)
  eden space 22016K, 100% used [0x00000000eab00000,0x00000000ec080000,0x00000000ec080000)
  from space 1024K, 100% used [0x00000000ec480000,0x00000000ec580000,0x00000000ec580000)
  to   space 2048K, 0% used [0x00000000ec180000,0x00000000ec180000,0x00000000ec380000)
 ParOldGen       total 68608K, used 15060K [0x00000000c0000000, 0x00000000c4300000, 0x00000000eab00000)
  object space 68608K, 21% used [0x00000000c0000000,0x00000000c0eb52d8,0x00000000c4300000)
 Metaspace       used 45814K, committed 46656K, reserved 1114112K
  class space    used 4979K, committed 5376K, reserved 1048576K
}
Event: 3.522 GC heap after
{Heap after GC invocations=15 (full 2):
 PSYoungGen      total 24064K, used 1344K [0x00000000eab00000, 0x00000000ec500000, 0x0000000100000000)
  eden space 22016K, 0% used [0x00000000eab00000,0x00000000eab00000,0x00000000ec080000)
  from space 2048K, 65% used [0x00000000ec180000,0x00000000ec2d0000,0x00000000ec380000)
  to   space 1536K, 0% used [0x00000000ec380000,0x00000000ec380000,0x00000000ec500000)
 ParOldGen       total 68608K, used 16036K [0x00000000c0000000, 0x00000000c4300000, 0x00000000eab00000)
  object space 68608K, 23% used [0x00000000c0000000,0x00000000c0fa92d8,0x00000000c4300000)
 Metaspace       used 45814K, committed 46656K, reserved 1114112K
  class space    used 4979K, committed 5376K, reserved 1048576K
}
Event: 3.716 GC heap before
{Heap before GC invocations=16 (full 2):
 PSYoungGen      total 24064K, used 23360K [0x00000000eab00000, 0x00000000ec500000, 0x0000000100000000)
  eden space 22016K, 100% used [0x00000000eab00000,0x00000000ec080000,0x00000000ec080000)
  from space 2048K, 65% used [0x00000000ec180000,0x00000000ec2d0000,0x00000000ec380000)
  to   space 1536K, 0% used [0x00000000ec380000,0x00000000ec380000,0x00000000ec500000)
 ParOldGen       total 68608K, used 16036K [0x00000000c0000000, 0x00000000c4300000, 0x00000000eab00000)
  object space 68608K, 23% used [0x00000000c0000000,0x00000000c0fa92d8,0x00000000c4300000)
 Metaspace       used 47752K, committed 48704K, reserved 1114112K
  class space    used 5215K, committed 5632K, reserved 1048576K
}
Event: 3.718 GC heap after
{Heap after GC invocations=16 (full 2):
 PSYoungGen      total 20480K, used 1535K [0x00000000eab00000, 0x00000000ecc80000, 0x0000000100000000)
  eden space 18944K, 0% used [0x00000000eab00000,0x00000000eab00000,0x00000000ebd80000)
  from space 1536K, 99% used [0x00000000ec380000,0x00000000ec4ffd68,0x00000000ec500000)
  to   space 6144K, 0% used [0x00000000ebd80000,0x00000000ebd80000,0x00000000ec380000)
 ParOldGen       total 68608K, used 19923K [0x00000000c0000000, 0x00000000c4300000, 0x00000000eab00000)
  object space 68608K, 29% used [0x00000000c0000000,0x00000000c1374f08,0x00000000c4300000)
 Metaspace       used 47752K, committed 48704K, reserved 1114112K
  class space    used 5215K, committed 5632K, reserved 1048576K
}
Event: 3.846 GC heap before
{Heap before GC invocations=17 (full 2):
 PSYoungGen      total 20480K, used 20479K [0x00000000eab00000, 0x00000000ecc80000, 0x0000000100000000)
  eden space 18944K, 100% used [0x00000000eab00000,0x00000000ebd80000,0x00000000ebd80000)
  from space 1536K, 99% used [0x00000000ec380000,0x00000000ec4ffd68,0x00000000ec500000)
  to   space 6144K, 0% used [0x00000000ebd80000,0x00000000ebd80000,0x00000000ec380000)
 ParOldGen       total 68608K, used 19923K [0x00000000c0000000, 0x00000000c4300000, 0x00000000eab00000)
  object space 68608K, 29% used [0x00000000c0000000,0x00000000c1374f08,0x00000000c4300000)
 Metaspace       used 48086K, committed 49088K, reserved 1114112K
  class space    used 5245K, committed 5696K, reserved 1048576K
}
Event: 3.848 GC heap after
{Heap after GC invocations=17 (full 2):
 PSYoungGen      total 22528K, used 3488K [0x00000000eab00000, 0x00000000ec680000, 0x0000000100000000)
  eden space 18944K, 0% used [0x00000000eab00000,0x00000000eab00000,0x00000000ebd80000)
  from space 3584K, 97% used [0x00000000ebd80000,0x00000000ec0e8000,0x00000000ec100000)
  to   space 4608K, 0% used [0x00000000ec200000,0x00000000ec200000,0x00000000ec680000)
 ParOldGen       total 68608K, used 21164K [0x00000000c0000000, 0x00000000c4300000, 0x00000000eab00000)
  object space 68608K, 30% used [0x00000000c0000000,0x00000000c14ab2c0,0x00000000c4300000)
 Metaspace       used 48086K, committed 49088K, reserved 1114112K
  class space    used 5245K, committed 5696K, reserved 1048576K
}
Event: 4.114 GC heap before
{Heap before GC invocations=18 (full 2):
 PSYoungGen      total 22528K, used 22408K [0x00000000eab00000, 0x00000000ec680000, 0x0000000100000000)
  eden space 18944K, 99% used [0x00000000eab00000,0x00000000ebd7a0c0,0x00000000ebd80000)
  from space 3584K, 97% used [0x00000000ebd80000,0x00000000ec0e8000,0x00000000ec100000)
  to   space 4608K, 0% used [0x00000000ec200000,0x00000000ec200000,0x00000000ec680000)
 ParOldGen       total 68608K, used 21164K [0x00000000c0000000, 0x00000000c4300000, 0x00000000eab00000)
  object space 68608K, 30% used [0x00000000c0000000,0x00000000c14ab2c0,0x00000000c4300000)
 Metaspace       used 50363K, committed 51328K, reserved 1114112K
  class space    used 5493K, committed 5952K, reserved 1048576K
}
Event: 4.121 GC heap after
{Heap after GC invocations=18 (full 2):
 PSYoungGen      total 20480K, used 1159K [0x00000000eab00000, 0x00000000ec380000, 0x0000000100000000)
  eden space 18944K, 0% used [0x00000000eab00000,0x00000000eab00000,0x00000000ebd80000)
  from space 1536K, 75% used [0x00000000ec200000,0x00000000ec321f60,0x00000000ec380000)
  to   space 2560K, 0% used [0x00000000ebe80000,0x00000000ebe80000,0x00000000ec100000)
 ParOldGen       total 68608K, used 24569K [0x00000000c0000000, 0x00000000c4300000, 0x00000000eab00000)
  object space 68608K, 35% used [0x00000000c0000000,0x00000000c17fe450,0x00000000c4300000)
 Metaspace       used 50363K, committed 51328K, reserved 1114112K
  class space    used 5493K, committed 5952K, reserved 1048576K
}
Event: 4.351 GC heap before
{Heap before GC invocations=19 (full 2):
 PSYoungGen      total 20480K, used 20087K [0x00000000eab00000, 0x00000000ec380000, 0x0000000100000000)
  eden space 18944K, 99% used [0x00000000eab00000,0x00000000ebd7c050,0x00000000ebd80000)
  from space 1536K, 75% used [0x00000000ec200000,0x00000000ec321f60,0x00000000ec380000)
  to   space 2560K, 0% used [0x00000000ebe80000,0x00000000ebe80000,0x00000000ec100000)
 ParOldGen       total 68608K, used 24569K [0x00000000c0000000, 0x00000000c4300000, 0x00000000eab00000)
  object space 68608K, 35% used [0x00000000c0000000,0x00000000c17fe450,0x00000000c4300000)
 Metaspace       used 52165K, committed 53184K, reserved 1114112K
  class space    used 5660K, committed 6080K, reserved 1048576K
}
Event: 4.352 GC heap after
{Heap after GC invocations=19 (full 2):
 PSYoungGen      total 21504K, used 600K [0x00000000eab00000, 0x00000000ec280000, 0x0000000100000000)
  eden space 18944K, 0% used [0x00000000eab00000,0x00000000eab00000,0x00000000ebd80000)
  from space 2560K, 23% used [0x00000000ebe80000,0x00000000ebf16248,0x00000000ec100000)
  to   space 1024K, 0% used [0x00000000ec180000,0x00000000ec180000,0x00000000ec280000)
 ParOldGen       total 68608K, used 25608K [0x00000000c0000000, 0x00000000c4300000, 0x00000000eab00000)
  object space 68608K, 37% used [0x00000000c0000000,0x00000000c1902038,0x00000000c4300000)
 Metaspace       used 52165K, committed 53184K, reserved 1114112K
  class space    used 5660K, committed 6080K, reserved 1048576K
}

Dll operation events (10 events):
Event: 0.011 Loaded shared library c:\Users\HP\.vscode\extensions\redhat.java-1.18.0-win32-x64\jre\17.0.7-win32-x86_64\bin\java.dll
Event: 0.123 Loaded shared library c:\Users\HP\.vscode\extensions\redhat.java-1.18.0-win32-x64\jre\17.0.7-win32-x86_64\bin\zip.dll
Event: 0.129 Loaded shared library C:\Users\HP\.vscode\extensions\redhat.java-1.18.0-win32-x64\jre\17.0.7-win32-x86_64\bin\instrument.dll
Event: 0.141 Loaded shared library C:\Users\HP\.vscode\extensions\redhat.java-1.18.0-win32-x64\jre\17.0.7-win32-x86_64\bin\net.dll
Event: 0.143 Loaded shared library C:\Users\HP\.vscode\extensions\redhat.java-1.18.0-win32-x64\jre\17.0.7-win32-x86_64\bin\nio.dll
Event: 0.149 Loaded shared library C:\Users\HP\.vscode\extensions\redhat.java-1.18.0-win32-x64\jre\17.0.7-win32-x86_64\bin\zip.dll
Event: 0.162 Loaded shared library C:\Users\HP\.vscode\extensions\redhat.java-1.18.0-win32-x64\jre\17.0.7-win32-x86_64\bin\jimage.dll
Event: 0.212 Loaded shared library c:\Users\HP\.vscode\extensions\redhat.java-1.18.0-win32-x64\jre\17.0.7-win32-x86_64\bin\verify.dll
Event: 0.994 Loaded shared library C:\Users\HP\AppData\Roaming\Code\User\globalStorage\redhat.java\1.18.0\config_win\org.eclipse.equinox.launcher\org.eclipse.equinox.launcher.win32.win32.x86_64_1.2.700.v20221108-1024\eclipse_11801.dll
Event: 2.389 Loaded shared library C:\Users\HP\AppData\Local\Temp\jna-2118\jna16798309380034264973.dll

Deoptimization events (20 events):
Event: 4.150 Thread 0x000002259d54e990 DEOPT PACKING pc=0x00000225858ce11f sp=0x000000d5c96fdd60
Event: 4.150 Thread 0x000002259d54e990 DEOPT UNPACKING pc=0x000002258c51a9e3 sp=0x000000d5c96fd2f0 mode 0
Event: 4.159 Thread 0x000002259d54e990 DEOPT PACKING pc=0x00000225858ce11f sp=0x000000d5c96fdd60
Event: 4.159 Thread 0x000002259d54e990 DEOPT UNPACKING pc=0x000002258c51a9e3 sp=0x000000d5c96fd2f0 mode 0
Event: 4.204 Thread 0x000002259d54e990 Uncommon trap: trap_request=0xffffff76 fr.pc=0x000002258cbc8b50 relative=0x0000000000000610
Event: 4.204 Thread 0x000002259d54e990 Uncommon trap: reason=predicate action=maybe_recompile pc=0x000002258cbc8b50 method=java.util.TreeMap.getEntryUsingComparator(Ljava/lang/Object;)Ljava/util/TreeMap$Entry; @ 19 c2
Event: 4.204 Thread 0x000002259d54e990 DEOPT PACKING pc=0x000002258cbc8b50 sp=0x000000d5c96fea70
Event: 4.204 Thread 0x000002259d54e990 DEOPT UNPACKING pc=0x000002258c519ea3 sp=0x000000d5c96fe938 mode 2
Event: 4.226 Thread 0x000002259d54e990 Uncommon trap: trap_request=0xffffffde fr.pc=0x000002258cc40cc0 relative=0x00000000000015a0
Event: 4.226 Thread 0x000002259d54e990 Uncommon trap: reason=class_check action=maybe_recompile pc=0x000002258cc40cc0 method=java.util.zip.InflaterInputStream.read([BII)I @ 100 c2
Event: 4.226 Thread 0x000002259d54e990 DEOPT PACKING pc=0x000002258cc40cc0 sp=0x000000d5c96fe0c0
Event: 4.226 Thread 0x000002259d54e990 DEOPT UNPACKING pc=0x000002258c519ea3 sp=0x000000d5c96fe110 mode 2
Event: 4.229 Thread 0x000002259d54e990 Uncommon trap: trap_request=0xffffff45 fr.pc=0x000002258cbad938 relative=0x0000000000000f38
Event: 4.229 Thread 0x000002259d54e990 Uncommon trap: reason=unstable_if action=reinterpret pc=0x000002258cbad938 method=org.eclipse.core.runtime.Path.toString()Ljava/lang/String; @ 6 c2
Event: 4.229 Thread 0x000002259d54e990 DEOPT PACKING pc=0x000002258cbad938 sp=0x000000d5c96fdf60
Event: 4.229 Thread 0x000002259d54e990 DEOPT UNPACKING pc=0x000002258c519ea3 sp=0x000000d5c96fdf30 mode 2
Event: 4.243 Thread 0x000002259d54e990 Uncommon trap: trap_request=0xffffff45 fr.pc=0x000002258cbd07d0 relative=0x00000000000060f0
Event: 4.243 Thread 0x000002259d54e990 Uncommon trap: reason=unstable_if action=reinterpret pc=0x000002258cbd07d0 method=lombok.patcher.MethodTarget.matches(Ljava/lang/String;Ljava/lang/String;Ljava/lang/String;)Z @ 18 c2
Event: 4.243 Thread 0x000002259d54e990 DEOPT PACKING pc=0x000002258cbd07d0 sp=0x000000d5c96fa240
Event: 4.243 Thread 0x000002259d54e990 DEOPT UNPACKING pc=0x000002258c519ea3 sp=0x000000d5c96fa130 mode 2

Classes unloaded (7 events):
Event: 1.576 Thread 0x000002259b460c20 Unloading class 0x0000000100216400 'java/lang/invoke/LambdaForm$MH+0x0000000100216400'
Event: 1.576 Thread 0x000002259b460c20 Unloading class 0x0000000100216000 'java/lang/invoke/LambdaForm$MH+0x0000000100216000'
Event: 1.576 Thread 0x000002259b460c20 Unloading class 0x0000000100215c00 'java/lang/invoke/LambdaForm$MH+0x0000000100215c00'
Event: 1.576 Thread 0x000002259b460c20 Unloading class 0x0000000100215400 'java/lang/invoke/LambdaForm$MH+0x0000000100215400'
Event: 1.576 Thread 0x000002259b460c20 Unloading class 0x0000000100215000 'java/lang/invoke/LambdaForm$BMH+0x0000000100215000'
Event: 1.576 Thread 0x000002259b460c20 Unloading class 0x0000000100214c00 'java/lang/invoke/LambdaForm$DMH+0x0000000100214c00'
Event: 1.576 Thread 0x000002259b460c20 Unloading class 0x0000000100212000 'java/lang/invoke/LambdaForm$DMH+0x0000000100212000'

Classes redefined (0 events):
No events

Internal exceptions (20 events):
Event: 3.887 Thread 0x000002259cffb880 Exception <a 'sun/nio/fs/WindowsException'{0x00000000ead41700}> (0x00000000ead41700) 
thrown [s\src\hotspot\share\prims\jni.cpp, line 516]
Event: 3.887 Thread 0x000002259cffb880 Exception <a 'sun/nio/fs/WindowsException'{0x00000000ead47c70}> (0x00000000ead47c70) 
thrown [s\src\hotspot\share\prims\jni.cpp, line 516]
Event: 3.887 Thread 0x000002259cffb880 Exception <a 'sun/nio/fs/WindowsException'{0x00000000ead482e0}> (0x00000000ead482e0) 
thrown [s\src\hotspot\share\prims\jni.cpp, line 516]
Event: 3.887 Thread 0x000002259cffb880 Exception <a 'sun/nio/fs/WindowsException'{0x00000000ead48960}> (0x00000000ead48960) 
thrown [s\src\hotspot\share\prims\jni.cpp, line 516]
Event: 3.887 Thread 0x000002259cffb880 Exception <a 'sun/nio/fs/WindowsException'{0x00000000ead48ff0}> (0x00000000ead48ff0) 
thrown [s\src\hotspot\share\prims\jni.cpp, line 516]
Event: 3.921 Thread 0x000002259cffb880 Exception <a 'java/io/FileNotFoundException'{0x00000000eaf9aa90}> (0x00000000eaf9aa90) 
thrown [s\src\hotspot\share\prims\jni.cpp, line 516]
Event: 3.976 Thread 0x000002259cffb880 Exception <a 'sun/nio/fs/WindowsException'{0x00000000eb23ad10}> (0x00000000eb23ad10) 
thrown [s\src\hotspot\share\prims\jni.cpp, line 516]
Event: 3.981 Thread 0x000002259cffb880 Exception <a 'sun/nio/fs/WindowsException'{0x00000000eb279cd8}> (0x00000000eb279cd8) 
thrown [s\src\hotspot\share\prims\jni.cpp, line 516]
Event: 4.009 Thread 0x000002259d04a450 Exception <a 'java/io/FileNotFoundException'{0x00000000eb476e20}> (0x00000000eb476e20) 
thrown [s\src\hotspot\share\prims\jni.cpp, line 516]
Event: 4.009 Thread 0x000002259d04a450 Exception <a 'java/io/FileNotFoundException'{0x00000000eb4785c0}> (0x00000000eb4785c0) 
thrown [s\src\hotspot\share\prims\jni.cpp, line 516]
Event: 4.010 Thread 0x000002259d550670 Exception <a 'sun/nio/fs/WindowsException'{0x00000000eb40a768}> (0x00000000eb40a768) 
thrown [s\src\hotspot\share\prims\jni.cpp, line 516]
Event: 4.021 Thread 0x000002259d04a450 Exception <a 'java/lang/NoSuchMethodError'{0x00000000eb647cc8}: 'java.lang.Object java.lang.invoke.DirectMethodHandle$Holder.invokeStatic(java.lang.Object, java.lang.Object, int, java.lang.Object)'> (0x00000000eb647cc8) 
thrown [s\src\hotspot\share\interpreter\linkResolver.cpp, line 759]
Event: 4.022 Thread 0x000002259d04a450 Exception <a 'java/lang/NoSuchMethodError'{0x00000000eb666b60}: 'java.lang.Object java.lang.invoke.DirectMethodHandle$Holder.newInvokeSpecial(java.lang.Object, java.lang.Object, int)'> (0x00000000eb666b60) 
thrown [s\src\hotspot\share\interpreter\linkResolver.cpp, line 759]
Event: 4.025 Thread 0x000002259d550670 Exception <a 'sun/nio/fs/WindowsException'{0x00000000eb4bb078}> (0x00000000eb4bb078) 
thrown [s\src\hotspot\share\prims\jni.cpp, line 516]
Event: 4.076 Thread 0x000002259d04a450 Exception <a 'java/io/FileNotFoundException'{0x00000000eba94c50}> (0x00000000eba94c50) 
thrown [s\src\hotspot\share\prims\jni.cpp, line 516]
Event: 4.207 Thread 0x000002259d54e990 Exception <a 'java/lang/NoSuchMethodError'{0x00000000eb18aca0}: 'java.lang.Object java.lang.invoke.DirectMethodHandle$Holder.newInvokeSpecial(java.lang.Object, java.lang.Object, java.lang.Object, java.lang.Object, java.lang.Object, java.lang.Object)'> (0x00000000eb18aca0) 
thrown [s\src\hotspot\share\interpreter\linkResolver.cpp, line 759]
Event: 4.209 Thread 0x000002259d54e990 Exception <a 'java/lang/NoSuchMethodError'{0x00000000eb1a5500}: 'int java.lang.invoke.DirectMethodHandle$Holder.invokeStatic(java.lang.Object)'> (0x00000000eb1a5500) 
thrown [s\src\hotspot\share\interpreter\linkResolver.cpp, line 759]
Event: 4.216 Thread 0x000002259d54e990 Exception <a 'java/io/FileNotFoundException'{0x00000000eb233768}> (0x00000000eb233768) 
thrown [s\src\hotspot\share\prims\jni.cpp, line 516]
Event: 4.216 Thread 0x000002259d54e990 Exception <a 'java/io/FileNotFoundException'{0x00000000eb235898}> (0x00000000eb235898) 
thrown [s\src\hotspot\share\prims\jni.cpp, line 516]
Event: 4.216 Thread 0x000002259d54e990 Exception <a 'java/io/FileNotFoundException'{0x00000000eb237310}> (0x00000000eb237310) 
thrown [s\src\hotspot\share\prims\jni.cpp, line 516]

VM Operations (20 events):
Event: 4.017 Executing VM operation: HandshakeAllThreads
Event: 4.017 Executing VM operation: HandshakeAllThreads done
Event: 4.017 Executing VM operation: HandshakeAllThreads
Event: 4.017 Executing VM operation: HandshakeAllThreads done
Event: 4.020 Executing VM operation: ICBufferFull
Event: 4.021 Executing VM operation: ICBufferFull done
Event: 4.028 Executing VM operation: HandshakeAllThreads
Event: 4.028 Executing VM operation: HandshakeAllThreads done
Event: 4.041 Executing VM operation: HandshakeAllThreads
Event: 4.041 Executing VM operation: HandshakeAllThreads done
Event: 4.046 Executing VM operation: HandshakeAllThreads
Event: 4.046 Executing VM operation: HandshakeAllThreads done
Event: 4.052 Executing VM operation: HandshakeAllThreads
Event: 4.053 Executing VM operation: HandshakeAllThreads done
Event: 4.113 Executing VM operation: ParallelGCFailedAllocation
Event: 4.121 Executing VM operation: ParallelGCFailedAllocation done
Event: 4.351 Executing VM operation: ParallelGCFailedAllocation
Event: 4.352 Executing VM operation: ParallelGCFailedAllocation done
Event: 4.393 Executing VM operation: HandshakeAllThreads
Event: 4.393 Executing VM operation: HandshakeAllThreads done

Events (20 events):
Event: 4.047 Thread 0x000002259b52b420 flushing nmethod 0x00000225859d4890
Event: 4.047 Thread 0x000002259b52b420 flushing nmethod 0x00000225859d4d90
Event: 4.049 loading class java/util/concurrent/CompletableFuture$UniApply
Event: 4.049 loading class java/util/concurrent/CompletableFuture$UniCompletion
Event: 4.049 loading class java/util/concurrent/CompletableFuture$UniCompletion done
Event: 4.049 loading class java/util/concurrent/CompletableFuture$UniApply done
Event: 4.049 loading class java/util/concurrent/ForkJoinPool$DefaultCommonPoolForkJoinWorkerThreadFactory$1
Event: 4.050 loading class java/util/concurrent/ForkJoinPool$DefaultCommonPoolForkJoinWorkerThreadFactory$1 done
Event: 4.050 Thread 0x000002259d54e990 Thread added: 0x000002259d54e990
Event: 4.075 loading class java/util/Hashtable$KeySet
Event: 4.075 loading class java/util/Hashtable$KeySet done
Event: 4.095 Thread 0x000002259d54ccb0 Thread added: 0x000002259d54ccb0
Event: 4.095 loading class java/util/concurrent/CompletableFuture$UniAccept
Event: 4.096 loading class java/util/concurrent/CompletableFuture$UniAccept done
Event: 4.096 loading class java/util/concurrent/CompletableFuture$UniExceptionally
Event: 4.096 loading class java/util/concurrent/CompletableFuture$UniExceptionally done
Event: 4.098 loading class java/util/HashMap$ValueSpliterator
Event: 4.099 loading class java/util/HashMap$ValueSpliterator done
Event: 4.226 loading class java/util/zip/CheckedInputStream
Event: 4.226 loading class java/util/zip/CheckedInputStream done


Dynamic libraries:
0x00007ff6d6d70000 - 0x00007ff6d6d7e000 	c:\Users\HP\.vscode\extensions\redhat.java-1.18.0-win32-x64\jre\17.0.7-win32-x86_64\bin\java.exe
0x00007ff9eadd0000 - 0x00007ff9eafc8000 	C:\WINDOWS\SYSTEM32\ntdll.dll
0x00007ff9ea770000 - 0x00007ff9ea82f000 	C:\WINDOWS\System32\KERNEL32.DLL
0x00007ff9e8640000 - 0x00007ff9e8936000 	C:\WINDOWS\System32\KERNELBASE.dll
0x00007ff9e8c60000 - 0x00007ff9e8d60000 	C:\WINDOWS\System32\ucrtbase.dll
0x00007ff9e18d0000 - 0x00007ff9e18e7000 	c:\Users\HP\.vscode\extensions\redhat.java-1.18.0-win32-x64\jre\17.0.7-win32-x86_64\bin\jli.dll
0x00007ff9d9870000 - 0x00007ff9d9889000 	c:\Users\HP\.vscode\extensions\redhat.java-1.18.0-win32-x64\jre\17.0.7-win32-x86_64\bin\VCRUNTIME140.dll
0x00007ff9ea960000 - 0x00007ff9eaafd000 	C:\WINDOWS\System32\USER32.dll
0x00007ff9e8e00000 - 0x00007ff9e8e22000 	C:\WINDOWS\System32\win32u.dll
0x00007ff9ea660000 - 0x00007ff9ea68c000 	C:\WINDOWS\System32\GDI32.dll
0x00007ff9e84b0000 - 0x00007ff9e85c5000 	C:\WINDOWS\System32\gdi32full.dll
0x00007ff9e8d60000 - 0x00007ff9e8dfd000 	C:\WINDOWS\System32\msvcp_win.dll
0x00007ff9d0cf0000 - 0x00007ff9d0f8a000 	C:\WINDOWS\WinSxS\amd64_microsoft.windows.common-controls_6595b64144ccf1df_6.0.19041.1110_none_60b5254171f9507e\COMCTL32.dll
0x00007ff9e9910000 - 0x00007ff9e99ae000 	C:\WINDOWS\System32\msvcrt.dll
0x00007ff9ea690000 - 0x00007ff9ea6c0000 	C:\WINDOWS\System32\IMM32.DLL
0x00007ff9e2ab0000 - 0x00007ff9e2abc000 	c:\Users\HP\.vscode\extensions\redhat.java-1.18.0-win32-x64\jre\17.0.7-win32-x86_64\bin\vcruntime140_1.dll
0x00007ff9ae200000 - 0x00007ff9ae291000 	c:\Users\HP\.vscode\extensions\redhat.java-1.18.0-win32-x64\jre\17.0.7-win32-x86_64\bin\msvcp140.dll
0x00007ff97bbb0000 - 0x00007ff97c7f8000 	c:\Users\HP\.vscode\extensions\redhat.java-1.18.0-win32-x64\jre\17.0.7-win32-x86_64\bin\server\jvm.dll
0x00007ff9e8fe0000 - 0x00007ff9e908f000 	C:\WINDOWS\System32\ADVAPI32.dll
0x00007ff9ea830000 - 0x00007ff9ea8cc000 	C:\WINDOWS\System32\sechost.dll
0x00007ff9e8eb0000 - 0x00007ff9e8fd6000 	C:\WINDOWS\System32\RPCRT4.dll
0x00007ff9c7660000 - 0x00007ff9c7669000 	C:\WINDOWS\SYSTEM32\WSOCK32.dll
0x00007ff9d1b20000 - 0x00007ff9d1b47000 	C:\WINDOWS\SYSTEM32\WINMM.dll
0x00007ff9e99b0000 - 0x00007ff9e9a1b000 	C:\WINDOWS\System32\WS2_32.dll
0x00007ff9e1e70000 - 0x00007ff9e1e7a000 	C:\WINDOWS\SYSTEM32\VERSION.dll
0x00007ff9e6d00000 - 0x00007ff9e6d12000 	C:\WINDOWS\SYSTEM32\kernel.appcore.dll
0x00007ff9e17d0000 - 0x00007ff9e17da000 	c:\Users\HP\.vscode\extensions\redhat.java-1.18.0-win32-x64\jre\17.0.7-win32-x86_64\bin\jimage.dll
0x00007ff9e6a10000 - 0x00007ff9e6bf4000 	C:\WINDOWS\SYSTEM32\DBGHELP.DLL
0x00007ff9daea0000 - 0x00007ff9daed4000 	C:\WINDOWS\SYSTEM32\dbgcore.DLL
0x00007ff9e8bd0000 - 0x00007ff9e8c52000 	C:\WINDOWS\System32\bcryptPrimitives.dll
0x00007ff9e1740000 - 0x00007ff9e174e000 	c:\Users\HP\.vscode\extensions\redhat.java-1.18.0-win32-x64\jre\17.0.7-win32-x86_64\bin\instrument.dll
0x00007ff9d88e0000 - 0x00007ff9d8905000 	c:\Users\HP\.vscode\extensions\redhat.java-1.18.0-win32-x64\jre\17.0.7-win32-x86_64\bin\java.dll
0x00007ff9d9670000 - 0x00007ff9d9688000 	c:\Users\HP\.vscode\extensions\redhat.java-1.18.0-win32-x64\jre\17.0.7-win32-x86_64\bin\zip.dll
0x00007ff9e9a80000 - 0x00007ff9ea1c4000 	C:\WINDOWS\System32\SHELL32.dll
0x00007ff9e61a0000 - 0x00007ff9e6933000 	C:\WINDOWS\SYSTEM32\windows.storage.dll
0x00007ff9ea1e0000 - 0x00007ff9ea534000 	C:\WINDOWS\System32\combase.dll
0x00007ff9e7f10000 - 0x00007ff9e7f3e000 	C:\WINDOWS\SYSTEM32\Wldp.dll
0x00007ff9e91e0000 - 0x00007ff9e928d000 	C:\WINDOWS\System32\SHCORE.dll
0x00007ff9e9a20000 - 0x00007ff9e9a75000 	C:\WINDOWS\System32\shlwapi.dll
0x00007ff9e83f0000 - 0x00007ff9e840f000 	C:\WINDOWS\SYSTEM32\profapi.dll
0x00007ff9d55a0000 - 0x00007ff9d55b9000 	C:\Users\HP\.vscode\extensions\redhat.java-1.18.0-win32-x64\jre\17.0.7-win32-x86_64\bin\net.dll
0x00007ff9e3550000 - 0x00007ff9e365a000 	C:\WINDOWS\SYSTEM32\WINHTTP.dll
0x00007ff9e7c70000 - 0x00007ff9e7cda000 	C:\WINDOWS\system32\mswsock.dll
0x00007ff9c8660000 - 0x00007ff9c8675000 	C:\Users\HP\.vscode\extensions\redhat.java-1.18.0-win32-x64\jre\17.0.7-win32-x86_64\bin\nio.dll
0x00007ff9dad90000 - 0x00007ff9dada0000 	c:\Users\HP\.vscode\extensions\redhat.java-1.18.0-win32-x64\jre\17.0.7-win32-x86_64\bin\verify.dll
0x00007ff9b7900000 - 0x00007ff9b793e000 	C:\Users\HP\AppData\Roaming\Code\User\globalStorage\redhat.java\1.18.0\config_win\org.eclipse.equinox.launcher\org.eclipse.equinox.launcher.win32.win32.x86_64_1.2.700.v20221108-1024\eclipse_11801.dll
0x00007ff9eac50000 - 0x00007ff9ead7a000 	C:\WINDOWS\System32\ole32.dll
0x00007ff9e7e60000 - 0x00007ff9e7e78000 	C:\WINDOWS\SYSTEM32\CRYPTSP.dll
0x00007ff9e7520000 - 0x00007ff9e7554000 	C:\WINDOWS\system32\rsaenh.dll
0x00007ff9e8940000 - 0x00007ff9e8967000 	C:\WINDOWS\System32\bcrypt.dll
0x00007ff9e8370000 - 0x00007ff9e839e000 	C:\WINDOWS\SYSTEM32\USERENV.dll
0x00007ff9e7e80000 - 0x00007ff9e7e8c000 	C:\WINDOWS\SYSTEM32\CRYPTBASE.dll
0x00007ff9e7910000 - 0x00007ff9e794c000 	C:\WINDOWS\SYSTEM32\IPHLPAPI.DLL
0x00007ff9ea1d0000 - 0x00007ff9ea1d8000 	C:\WINDOWS\System32\NSI.dll
0x00007ff9e1380000 - 0x00007ff9e1397000 	C:\WINDOWS\SYSTEM32\dhcpcsvc6.DLL
0x00007ff9e13c0000 - 0x00007ff9e13dd000 	C:\WINDOWS\SYSTEM32\dhcpcsvc.DLL
0x00007ff9e79b0000 - 0x00007ff9e7a7b000 	C:\WINDOWS\SYSTEM32\DNSAPI.dll
0x00007ff9afdf0000 - 0x00007ff9afe35000 	C:\Users\HP\AppData\Local\Temp\jna-2118\jna16798309380034264973.dll
0x00007ff9ead80000 - 0x00007ff9ead88000 	C:\WINDOWS\System32\PSAPI.DLL

dbghelp: loaded successfully - version: 4.0.5 - missing functions: none
symbol engine: initialized successfully - sym options: 0x614 - pdb path: .;c:\Users\HP\.vscode\extensions\redhat.java-1.18.0-win32-x64\jre\17.0.7-win32-x86_64\bin;C:\WINDOWS\SYSTEM32;C:\WINDOWS\WinSxS\amd64_microsoft.windows.common-controls_6595b64144ccf1df_6.0.19041.1110_none_60b5254171f9507e;c:\Users\HP\.vscode\extensions\redhat.java-1.18.0-win32-x64\jre\17.0.7-win32-x86_64\bin\server;C:\Users\HP\AppData\Roaming\Code\User\globalStorage\redhat.java\1.18.0\config_win\org.eclipse.equinox.launcher\org.eclipse.equinox.launcher.win32.win32.x86_64_1.2.700.v20221108-1024;C:\Users\HP\AppData\Local\Temp\jna-2118

VM Arguments:
jvm_args: --add-modules=ALL-SYSTEM --add-opens=java.base/java.util=ALL-UNNAMED --add-opens=java.base/java.lang=ALL-UNNAMED --add-opens=java.base/sun.nio.fs=ALL-UNNAMED -Declipse.application=org.eclipse.jdt.ls.core.id1 -Dosgi.bundles.defaultStartLevel=4 -Declipse.product=org.eclipse.jdt.ls.core.product -Djava.import.generatesMetadataFilesAtProjectRoot=false -Dfile.encoding=utf8 -XX:+UseParallelGC -XX:GCTimeRatio=4 -XX:AdaptiveSizePolicyWeight=90 -Dsun.zip.disableMemoryMapping=true -Xmx1G -Xms100m -Xlog:disable -javaagent:c:\Users\HP\.vscode\extensions\redhat.java-1.18.0-win32-x64\lombok\lombok-1.18.27.jar -XX:+HeapDumpOnOutOfMemoryError -XX:HeapDumpPath=c:\Users\HP\AppData\Roaming\Code\User\workspaceStorage\7afaf4856f376c750ba9fc515b4c1f96\redhat.java -Daether.dependencyCollector.impl=bf 
java_command: c:\Users\HP\.vscode\extensions\redhat.java-1.18.0-win32-x64\server\plugins\org.eclipse.equinox.launcher_1.6.400.v20210924-0641.jar -configuration c:\Users\HP\AppData\Roaming\Code\User\globalStorage\redhat.java\1.18.0\config_win -data c:\Users\HP\AppData\Roaming\Code\User\workspaceStorage\7afaf4856f376c750ba9fc515b4c1f96\redhat.java\jdt_ws
java_class_path (initial): c:\Users\HP\.vscode\extensions\redhat.java-1.18.0-win32-x64\server\plugins\org.eclipse.equinox.launcher_1.6.400.v20210924-0641.jar
Launcher Type: SUN_STANDARD

[Global flags]
    uintx AdaptiveSizePolicyWeight                 = 90                                        {product} {command line}
     intx CICompilerCount                          = 4                                         {product} {ergonomic}
    uintx GCTimeRatio                              = 4                                         {product} {command line}
     bool HeapDumpOnOutOfMemoryError               = true                                   {manageable} {command line}
    ccstr HeapDumpPath                             = c:\Users\HP\AppData\Roaming\Code\User\workspaceStorage\7afaf4856f376c750ba9fc515b4c1f96\redhat.java         {manageable} {command line}
   size_t InitialHeapSize                          = 104857600                                 {product} {command line}
   size_t MaxHeapSize                              = 1073741824                                {product} {command line}
   size_t MaxNewSize                               = 357564416                                 {product} {ergonomic}
   size_t MinHeapDeltaBytes                        = 524288                                    {product} {ergonomic}
   size_t MinHeapSize                              = 104857600                                 {product} {command line}
   size_t NewSize                                  = 34603008                                  {product} {ergonomic}
    uintx NonNMethodCodeHeapSize                   = 5839372                                {pd product} {ergonomic}
    uintx NonProfiledCodeHeapSize                  = 122909434                              {pd product} {ergonomic}
   size_t OldSize                                  = 70254592                                  {product} {ergonomic}
    uintx ProfiledCodeHeapSize                     = 122909434                              {pd product} {ergonomic}
    uintx ReservedCodeCacheSize                    = 251658240                              {pd product} {ergonomic}
     bool SegmentedCodeCache                       = true                                      {product} {ergonomic}
   size_t SoftMaxHeapSize                          = 1073741824                             {manageable} {ergonomic}
     bool UseCompressedClassPointers               = true                           {product lp64_product} {ergonomic}
     bool UseCompressedOops                        = true                           {product lp64_product} {ergonomic}
     bool UseLargePagesIndividualAllocation        = false                                  {pd product} {ergonomic}
     bool UseParallelGC                            = true                                      {product} {command line}

Logging:
Log output configuration:
 #0: stdout all=off uptime,level,tags
 #1: stderr all=off uptime,level,tags

Environment Variables:
JAVA_HOME=D:\environment\jdk8
PATH=D:\python3.8\Scripts\;D:\python3.8\;C:\Program Files (x86)\Common Files\Oracle\Java\javapath;D:\VMware\bin\;C:\WINDOWS\system32;C:\WINDOWS;C:\WINDOWS\System32\Wbem;C:\WINDOWS\System32\WindowsPowerShell\v1.0\;C:\WINDOWS\System32\OpenSSH\;D:\Git\Git\cmd;D:\Mysql\bin;E:\runtime\win64;E:\Chrome;D:\Node.js\;D:\environment\jdk8\bin;D:\environment\jdk8\jre\bin;E:\bin;E:\polyspace\bin;E:\EasyShare\x86\;E:\EasyShare\x64\;E:\;D:\BaiduNetdiskDownload\mingw64_GCC8.1\mingw64\bin;E:\latex\texlive\2022;D:\environment\apache-maven-3.6.1\bin;E:\AWS\;C:\Users\HP\AppData\Local\Programs\Python\Python310\Scripts\;C:\Users\HP\AppData\Local\Programs\Python\Python310\;C:\Users\HP\AppData\Local\Microsoft\WindowsApps;D:\pycharm-new\PyCharm 2022.2.4\bin;;D:\WebStorm\WebStorm 2022.1.2\bin;;C:\Users\HP\AppData\Roaming\npm;D:\Microsoft VS Code\bin;D:\DataSpell\DataSpell 2022.2\bin;;E:\latex\miktex\bin\x64\;F:\clion\CLion 2022.3\bin;;C:\Program Files\Azure Data Studio\bin
USERNAME=BH
OS=Windows_NT
PROCESSOR_IDENTIFIER=Intel64 Family 6 Model 140 Stepping 1, GenuineIntel
TMP=C:\Users\HP\AppData\Local\Temp
TEMP=C:\Users\HP\AppData\Local\Temp



---------------  S Y S T E M  ---------------

OS:
 Windows 10 , 64 bit Build 19041 (10.0.19041.2913)
OS uptime: 2 days 7:35 hours

CPU: total 8 (initial active 8) (4 cores per cpu, 2 threads per core) family 6 model 140 stepping 1 microcode 0xa4, cx8, cmov, fxsr, ht, mmx, 3dnowpref, sse, sse2, sse3, ssse3, sse4.1, sse4.2, popcnt, lzcnt, tsc, tscinvbit, avx, avx2, aes, erms, clmul, bmi1, bmi2, adx, avx512f, avx512dq, avx512cd, avx512bw, avx512vl, sha, fma, vzeroupper, avx512_vpopcntdq, avx512_vpclmulqdq, avx512_vaes, avx512_vnni, clflush, clflushopt, clwb, avx512_vbmi2, avx512_vbmi

Memory: 4k page, system-wide physical 16129M (5024M free)
TotalPageFile size 31386M (AvailPageFile size 18M)
current process WorkingSet (physical memory assigned to process): 228M, peak: 232M
current process commit charge ("private bytes"): 314M, peak: 324M

vm_info: OpenJDK 64-Bit Server VM (17.0.7+7) for windows-amd64 JRE (17.0.7+7), built on Apr 18 2023 22:10:42 by "temurin" with MS VC++ 16.7 (VS2019)

END.
