#
# There is insufficient memory for the Java Runtime Environment to continue.
# Native memory allocation (malloc) failed to allocate 2528784 bytes for Chunk::new
# Possible reasons:
#   The system is out of physical RAM or swap space
#   The process is running with CompressedOops enabled, and the Java Heap may be blocking the growth of the native heap
# Possible solutions:
#   Reduce memory load on the system
#   Increase physical memory or swap space
#   Check if swap backing store is full
#   Decrease Java heap size (-Xmx/-Xms)
#   Decrease number of Java threads
#   Decrease Java thread stack sizes (-Xss)
#   Set larger code cache with -XX:ReservedCodeCacheSize=
#   JVM is running with Unscaled Compressed Oops mode in which the Java heap is
#     placed in the first 4GB address space. The Java Heap base address is the
#     maximum limit for the native heap growth. Please use -XX:HeapBaseMinAddress
#     to set the Java Heap base and to place the Java Heap above 4GB virtual address.
# This output file may be truncated or incomplete.
#
#  Out of Memory Error (arena.cpp:189), pid=3068, tid=22336
#
# JRE version: OpenJDK Runtime Environment JBR-17.0.6+10-829.9-jcef (17.0.6+10) (build 17.0.6+10-b829.9)
# Java VM: OpenJDK 64-Bit Server VM JBR-17.0.6+10-829.9-jcef (17.0.6+10-b829.9, mixed mode, tiered, compressed oops, compressed class ptrs, g1 gc, windows-amd64)
# No core dump will be written. Minidumps are not enabled by default on client versions of Windows
#

---------------  S U M M A R Y ------------

Command Line: -Djava.rmi.server.hostname=127.0.0.1 -Duser.timezone=UTC -Xmx750m -Xms128m --add-exports=java.desktop/sun.awt=ALL-UNNAMED --add-exports=java.desktop/java.awt.peer=ALL-UNNAMED --add-opens=java.desktop/java.awt=ALL-UNNAMED --add-opens=jdk.unsupported/sun.misc=ALL-UNNAMED --add-opens=java.base/java.nio=ALL-UNNAMED --add-opens=java.base/java.util=ALL-UNNAMED -Dfile.encoding=UTF-8 com.intellij.database.remote.RemoteJdbcServer dm.jdbc.driver.DmDriver

Host: 11th Gen Intel(R) Core(TM) i7-11370H @ 3.30GHz, 8 cores, 15G,  Windows 10 , 64 bit Build 19041 (10.0.19041.2913)
Time: Tue May 23 12:30:02 2023  Windows 10 , 64 bit Build 19041 (10.0.19041.2913) elapsed time: 8.344081 seconds (0d 0h 0m 8s)

---------------  T H R E A D  ---------------

Current thread (0x0000018443e215d0):  JavaThread "C2 CompilerThread0" daemon [_thread_in_native, id=22336, stack(0x00000048da700000,0x00000048da800000)]


Current CompileTask:
C2:   8344 1915   !   4       java.io.ObjectOutputStream::writeObject0 (620 bytes)

Stack: [0x00000048da700000,0x00000048da800000]
Native frames: (J=compiled Java code, j=interpreted, Vv=VM code, C=native code)
V  [jvm.dll+0x683c5a]
V  [jvm.dll+0x842764]
V  [jvm.dll+0x843f5e]
V  [jvm.dll+0x8445c3]
V  [jvm.dll+0x249b75]
V  [jvm.dll+0xabcac]
V  [jvm.dll+0xac27c]
V  [jvm.dll+0x368857]
V  [jvm.dll+0x1bd0b8]
V  [jvm.dll+0x21c359]
V  [jvm.dll+0x21b621]
V  [jvm.dll+0x1a4fdd]
V  [jvm.dll+0x22b098]
V  [jvm.dll+0x229159]
V  [jvm.dll+0x7f81ac]
V  [jvm.dll+0x7f270a]
V  [jvm.dll+0x682a95]
C  [ucrtbase.dll+0x21bb2]
C  [KERNEL32.DLL+0x17614]
C  [ntdll.dll+0x526a1]


---------------  P R O C E S S  ---------------

Threads class SMR info:
_java_thread_list=0x0000018445015b80, length=23, elements={
0x000001842cd2f810, 0x0000018443e36270, 0x0000018443e36b30, 0x0000018443e1ed80,
0x0000018443e1f640, 0x0000018443e1ff00, 0x0000018443e207c0, 0x0000018443e215d0,
0x000001844482d330, 0x000001844482e410, 0x00000184449bdd60, 0x00000184449bf650,
0x0000018444cf7740, 0x0000018444cfdce0, 0x0000018444cfe1b0, 0x0000018444cfe680,
0x0000018444d0eec0, 0x0000018444d0f390, 0x0000018444d65420, 0x0000018444d5ac20,
0x0000018444d3d7e0, 0x0000018444d3e180, 0x00000184452cc400
}

Java Threads: ( => current thread )
  0x000001842cd2f810 JavaThread "main" [_thread_blocked, id=22476, stack(0x00000048d9a00000,0x00000048d9b00000)]
  0x0000018443e36270 JavaThread "Reference Handler" daemon [_thread_blocked, id=23188, stack(0x00000048da100000,0x00000048da200000)]
  0x0000018443e36b30 JavaThread "Finalizer" daemon [_thread_blocked, id=3864, stack(0x00000048da200000,0x00000048da300000)]
  0x0000018443e1ed80 JavaThread "Signal Dispatcher" daemon [_thread_blocked, id=17312, stack(0x00000048da300000,0x00000048da400000)]
  0x0000018443e1f640 JavaThread "Attach Listener" daemon [_thread_blocked, id=13928, stack(0x00000048da400000,0x00000048da500000)]
  0x0000018443e1ff00 JavaThread "Service Thread" daemon [_thread_blocked, id=27360, stack(0x00000048da500000,0x00000048da600000)]
  0x0000018443e207c0 JavaThread "Monitor Deflation Thread" daemon [_thread_blocked, id=18380, stack(0x00000048da600000,0x00000048da700000)]
=>0x0000018443e215d0 JavaThread "C2 CompilerThread0" daemon [_thread_in_native, id=22336, stack(0x00000048da700000,0x00000048da800000)]
  0x000001844482d330 JavaThread "C1 CompilerThread0" daemon [_thread_blocked, id=27024, stack(0x00000048da800000,0x00000048da900000)]
  0x000001844482e410 JavaThread "Sweeper thread" daemon [_thread_blocked, id=4376, stack(0x00000048da900000,0x00000048daa00000)]
  0x00000184449bdd60 JavaThread "Common-Cleaner" daemon [_thread_blocked, id=24188, stack(0x00000048daa00000,0x00000048dab00000)]
  0x00000184449bf650 JavaThread "Notification Thread" daemon [_thread_blocked, id=20164, stack(0x00000048dab00000,0x00000048dac00000)]
  0x0000018444cf7740 JavaThread "RMI TCP Accept-9084" daemon [_thread_in_native, id=11956, stack(0x00000048dae00000,0x00000048daf00000)]
  0x0000018444cfdce0 JavaThread "RMI TCP Accept-0" daemon [_thread_in_native, id=16432, stack(0x00000048daf00000,0x00000048db000000)]
  0x0000018444cfe1b0 JavaThread "RMI Reaper" [_thread_blocked, id=12492, stack(0x00000048db000000,0x00000048db100000)]
  0x0000018444cfe680 JavaThread "RMI GC Daemon" daemon [_thread_blocked, id=24508, stack(0x00000048db100000,0x00000048db200000)]
  0x0000018444d0eec0 JavaThread "RMI TCP Connection(1)-127.0.0.1" daemon [_thread_in_native, id=19284, stack(0x00000048db200000,0x00000048db300000)]
  0x0000018444d0f390 JavaThread "RMI TCP Connection(2)-127.0.0.1" daemon [_thread_in_native, id=15964, stack(0x00000048db300000,0x00000048db400000)]
  0x0000018444d65420 JavaThread "RMI TCP Connection(3)-127.0.0.1" daemon [_thread_in_Java, id=9088, stack(0x00000048db400000,0x00000048db500000)]
  0x0000018444d5ac20 JavaThread "RMI Scheduler(0)" daemon [_thread_blocked, id=21592, stack(0x00000048db500000,0x00000048db600000)]
  0x0000018444d3d7e0 JavaThread "RMI TCP Connection(4)-127.0.0.1" daemon [_thread_in_native, id=13264, stack(0x00000048db600000,0x00000048db700000)]
  0x0000018444d3e180 JavaThread "RMI RenewClean-[127.0.0.1:59089]" daemon [_thread_blocked, id=9344, stack(0x00000048db700000,0x00000048db800000)]
  0x00000184452cc400 JavaThread "C2 CompilerThread1" daemon [_thread_in_native, id=17728, stack(0x00000048dad00000,0x00000048dae00000)]

Other Threads:
  0x0000018443e11830 VMThread "VM Thread" [stack: 0x00000048da000000,0x00000048da100000] [id=23608]
  0x00000184449bff30 WatcherThread [stack: 0x00000048dac00000,0x00000048dad00000] [id=22508]
  0x000001842cd641d0 GCTaskThread "GC Thread#0" [stack: 0x00000048d9b00000,0x00000048d9c00000] [id=12588]
  0x00000184461c1930 GCTaskThread "GC Thread#1" [stack: 0x00000048db900000,0x00000048dba00000] [id=9212]
  0x00000184451e6890 GCTaskThread "GC Thread#2" [stack: 0x00000048dba00000,0x00000048dbb00000] [id=18944]
  0x00000184451e6b40 GCTaskThread "GC Thread#3" [stack: 0x00000048dbb00000,0x00000048dbc00000] [id=1356]
  0x00000184461b3f60 GCTaskThread "GC Thread#4" [stack: 0x00000048dbc00000,0x00000048dbd00000] [id=15224]
  0x00000184461b4210 GCTaskThread "GC Thread#5" [stack: 0x00000048dbd00000,0x00000048dbe00000] [id=22164]
  0x00000184467a6620 GCTaskThread "GC Thread#6" [stack: 0x00000048dbe00000,0x00000048dbf00000] [id=26900]
  0x00000184467a68d0 GCTaskThread "GC Thread#7" [stack: 0x00000048dbf00000,0x00000048dc000000] [id=7104]
  0x000001842cd6ade0 ConcurrentGCThread "G1 Main Marker" [stack: 0x00000048d9c00000,0x00000048d9d00000] [id=23628]
  0x000001842cd6c710 ConcurrentGCThread "G1 Conc#0" [stack: 0x00000048d9d00000,0x00000048d9e00000] [id=27904]
  0x0000018443c700a0 ConcurrentGCThread "G1 Refine#0" [stack: 0x00000048d9e00000,0x00000048d9f00000] [id=24904]
  0x00000184463dd960 ConcurrentGCThread "G1 Refine#1" [stack: 0x00000048dc000000,0x00000048dc100000] [id=12496]
  0x0000018443c728e0 ConcurrentGCThread "G1 Service" [stack: 0x00000048d9f00000,0x00000048da000000] [id=28128]

Threads with active compile tasks:
C2 CompilerThread0     8363 1915   !   4       java.io.ObjectOutputStream::writeObject0 (620 bytes)
C2 CompilerThread1     8363 1971   !   4       sun.nio.cs.GB18030$Encoder::encodeArrayLoop (762 bytes)

VM state: not at safepoint (normal execution)

VM Mutex/Monitor currently owned by a thread: None

Heap address: 0x00000000d1200000, size: 750 MB, Compressed Oops mode: 32-bit

CDS archive(s) not mapped
Compressed class space mapped at: 0x0000000100000000-0x0000000140000000, reserved size: 1073741824
Narrow klass base: 0x0000000000000000, Narrow klass shift: 3, Narrow klass range: 0x140000000

GC Precious Log:
 CPUs: 8 total, 8 available
 Memory: 16129M
 Large Page Support: Disabled
 NUMA Support: Disabled
 Compressed Oops: Enabled (32-bit)
 Heap Region Size: 1M
 Heap Min Capacity: 128M
 Heap Initial Capacity: 128M
 Heap Max Capacity: 750M
 Pre-touch: Disabled
 Parallel Workers: 8
 Concurrent Workers: 2
 Concurrent Refinement Workers: 8
 Periodic GC: Disabled

Heap:
 garbage-first heap   total 131072K, used 19664K [0x00000000d1200000, 0x0000000100000000)
  region size 1024K, 18 young (18432K), 3 survivors (3072K)
 Metaspace       used 17687K, committed 17984K, reserved 1064960K
  class space    used 1708K, committed 1856K, reserved 1048576K

Heap Regions: E=young(eden), S=young(survivor), O=old, HS=humongous(starts), HC=humongous(continues), CS=collection set, F=free, OA=open archive, CA=closed archive, TAMS=top-at-mark-start (previous, next)
|   0|0x00000000d1200000, 0x00000000d1300000, 0x00000000d1300000|100%| O|  |TAMS 0x00000000d1200000, 0x00000000d1200000| Untracked 
|   1|0x00000000d1300000, 0x00000000d1400000, 0x00000000d1400000|100%| O|  |TAMS 0x00000000d1300000, 0x00000000d1300000| Untracked 
|   2|0x00000000d1400000, 0x00000000d1434000, 0x00000000d1500000| 20%| O|  |TAMS 0x00000000d1400000, 0x00000000d1400000| Untracked 
|   3|0x00000000d1500000, 0x00000000d1500000, 0x00000000d1600000|  0%| F|  |TAMS 0x00000000d1500000, 0x00000000d1500000| Untracked 
|   4|0x00000000d1600000, 0x00000000d1600000, 0x00000000d1700000|  0%| F|  |TAMS 0x00000000d1600000, 0x00000000d1600000| Untracked 
|   5|0x00000000d1700000, 0x00000000d1700000, 0x00000000d1800000|  0%| F|  |TAMS 0x00000000d1700000, 0x00000000d1700000| Untracked 
|   6|0x00000000d1800000, 0x00000000d1800000, 0x00000000d1900000|  0%| F|  |TAMS 0x00000000d1800000, 0x00000000d1800000| Untracked 
|   7|0x00000000d1900000, 0x00000000d1900000, 0x00000000d1a00000|  0%| F|  |TAMS 0x00000000d1900000, 0x00000000d1900000| Untracked 
|   8|0x00000000d1a00000, 0x00000000d1a00000, 0x00000000d1b00000|  0%| F|  |TAMS 0x00000000d1a00000, 0x00000000d1a00000| Untracked 
|   9|0x00000000d1b00000, 0x00000000d1b00000, 0x00000000d1c00000|  0%| F|  |TAMS 0x00000000d1b00000, 0x00000000d1b00000| Untracked 
|  10|0x00000000d1c00000, 0x00000000d1c00000, 0x00000000d1d00000|  0%| F|  |TAMS 0x00000000d1c00000, 0x00000000d1c00000| Untracked 
|  11|0x00000000d1d00000, 0x00000000d1d00000, 0x00000000d1e00000|  0%| F|  |TAMS 0x00000000d1d00000, 0x00000000d1d00000| Untracked 
|  12|0x00000000d1e00000, 0x00000000d1e00000, 0x00000000d1f00000|  0%| F|  |TAMS 0x00000000d1e00000, 0x00000000d1e00000| Untracked 
|  13|0x00000000d1f00000, 0x00000000d1f00000, 0x00000000d2000000|  0%| F|  |TAMS 0x00000000d1f00000, 0x00000000d1f00000| Untracked 
|  14|0x00000000d2000000, 0x00000000d2000000, 0x00000000d2100000|  0%| F|  |TAMS 0x00000000d2000000, 0x00000000d2000000| Untracked 
|  15|0x00000000d2100000, 0x00000000d2100000, 0x00000000d2200000|  0%| F|  |TAMS 0x00000000d2100000, 0x00000000d2100000| Untracked 
|  16|0x00000000d2200000, 0x00000000d2200000, 0x00000000d2300000|  0%| F|  |TAMS 0x00000000d2200000, 0x00000000d2200000| Untracked 
|  17|0x00000000d2300000, 0x00000000d2300000, 0x00000000d2400000|  0%| F|  |TAMS 0x00000000d2300000, 0x00000000d2300000| Untracked 
|  18|0x00000000d2400000, 0x00000000d2400000, 0x00000000d2500000|  0%| F|  |TAMS 0x00000000d2400000, 0x00000000d2400000| Untracked 
|  19|0x00000000d2500000, 0x00000000d2500000, 0x00000000d2600000|  0%| F|  |TAMS 0x00000000d2500000, 0x00000000d2500000| Untracked 
|  20|0x00000000d2600000, 0x00000000d2600000, 0x00000000d2700000|  0%| F|  |TAMS 0x00000000d2600000, 0x00000000d2600000| Untracked 
|  21|0x00000000d2700000, 0x00000000d2700000, 0x00000000d2800000|  0%| F|  |TAMS 0x00000000d2700000, 0x00000000d2700000| Untracked 
|  22|0x00000000d2800000, 0x00000000d2800000, 0x00000000d2900000|  0%| F|  |TAMS 0x00000000d2800000, 0x00000000d2800000| Untracked 
|  23|0x00000000d2900000, 0x00000000d2900000, 0x00000000d2a00000|  0%| F|  |TAMS 0x00000000d2900000, 0x00000000d2900000| Untracked 
|  24|0x00000000d2a00000, 0x00000000d2a00000, 0x00000000d2b00000|  0%| F|  |TAMS 0x00000000d2a00000, 0x00000000d2a00000| Untracked 
|  25|0x00000000d2b00000, 0x00000000d2b00000, 0x00000000d2c00000|  0%| F|  |TAMS 0x00000000d2b00000, 0x00000000d2b00000| Untracked 
|  26|0x00000000d2c00000, 0x00000000d2c00000, 0x00000000d2d00000|  0%| F|  |TAMS 0x00000000d2c00000, 0x00000000d2c00000| Untracked 
|  27|0x00000000d2d00000, 0x00000000d2d00000, 0x00000000d2e00000|  0%| F|  |TAMS 0x00000000d2d00000, 0x00000000d2d00000| Untracked 
|  28|0x00000000d2e00000, 0x00000000d2e00000, 0x00000000d2f00000|  0%| F|  |TAMS 0x00000000d2e00000, 0x00000000d2e00000| Untracked 
|  29|0x00000000d2f00000, 0x00000000d2f00000, 0x00000000d3000000|  0%| F|  |TAMS 0x00000000d2f00000, 0x00000000d2f00000| Untracked 
|  30|0x00000000d3000000, 0x00000000d3000000, 0x00000000d3100000|  0%| F|  |TAMS 0x00000000d3000000, 0x00000000d3000000| Untracked 
|  31|0x00000000d3100000, 0x00000000d3100000, 0x00000000d3200000|  0%| F|  |TAMS 0x00000000d3100000, 0x00000000d3100000| Untracked 
|  32|0x00000000d3200000, 0x00000000d3200000, 0x00000000d3300000|  0%| F|  |TAMS 0x00000000d3200000, 0x00000000d3200000| Untracked 
|  33|0x00000000d3300000, 0x00000000d3300000, 0x00000000d3400000|  0%| F|  |TAMS 0x00000000d3300000, 0x00000000d3300000| Untracked 
|  34|0x00000000d3400000, 0x00000000d3400000, 0x00000000d3500000|  0%| F|  |TAMS 0x00000000d3400000, 0x00000000d3400000| Untracked 
|  35|0x00000000d3500000, 0x00000000d3500000, 0x00000000d3600000|  0%| F|  |TAMS 0x00000000d3500000, 0x00000000d3500000| Untracked 
|  36|0x00000000d3600000, 0x00000000d3600000, 0x00000000d3700000|  0%| F|  |TAMS 0x00000000d3600000, 0x00000000d3600000| Untracked 
|  37|0x00000000d3700000, 0x00000000d3700000, 0x00000000d3800000|  0%| F|  |TAMS 0x00000000d3700000, 0x00000000d3700000| Untracked 
|  38|0x00000000d3800000, 0x00000000d3800000, 0x00000000d3900000|  0%| F|  |TAMS 0x00000000d3800000, 0x00000000d3800000| Untracked 
|  39|0x00000000d3900000, 0x00000000d3900000, 0x00000000d3a00000|  0%| F|  |TAMS 0x00000000d3900000, 0x00000000d3900000| Untracked 
|  40|0x00000000d3a00000, 0x00000000d3a00000, 0x00000000d3b00000|  0%| F|  |TAMS 0x00000000d3a00000, 0x00000000d3a00000| Untracked 
|  41|0x00000000d3b00000, 0x00000000d3b00000, 0x00000000d3c00000|  0%| F|  |TAMS 0x00000000d3b00000, 0x00000000d3b00000| Untracked 
|  42|0x00000000d3c00000, 0x00000000d3c00000, 0x00000000d3d00000|  0%| F|  |TAMS 0x00000000d3c00000, 0x00000000d3c00000| Untracked 
|  43|0x00000000d3d00000, 0x00000000d3d00000, 0x00000000d3e00000|  0%| F|  |TAMS 0x00000000d3d00000, 0x00000000d3d00000| Untracked 
|  44|0x00000000d3e00000, 0x00000000d3e00000, 0x00000000d3f00000|  0%| F|  |TAMS 0x00000000d3e00000, 0x00000000d3e00000| Untracked 
|  45|0x00000000d3f00000, 0x00000000d3f00000, 0x00000000d4000000|  0%| F|  |TAMS 0x00000000d3f00000, 0x00000000d3f00000| Untracked 
|  46|0x00000000d4000000, 0x00000000d4000000, 0x00000000d4100000|  0%| F|  |TAMS 0x00000000d4000000, 0x00000000d4000000| Untracked 
|  47|0x00000000d4100000, 0x00000000d4100000, 0x00000000d4200000|  0%| F|  |TAMS 0x00000000d4100000, 0x00000000d4100000| Untracked 
|  48|0x00000000d4200000, 0x00000000d4200000, 0x00000000d4300000|  0%| F|  |TAMS 0x00000000d4200000, 0x00000000d4200000| Untracked 
|  49|0x00000000d4300000, 0x00000000d4300000, 0x00000000d4400000|  0%| F|  |TAMS 0x00000000d4300000, 0x00000000d4300000| Untracked 
|  50|0x00000000d4400000, 0x00000000d4400000, 0x00000000d4500000|  0%| F|  |TAMS 0x00000000d4400000, 0x00000000d4400000| Untracked 
|  51|0x00000000d4500000, 0x00000000d4500000, 0x00000000d4600000|  0%| F|  |TAMS 0x00000000d4500000, 0x00000000d4500000| Untracked 
|  52|0x00000000d4600000, 0x00000000d4600000, 0x00000000d4700000|  0%| F|  |TAMS 0x00000000d4600000, 0x00000000d4600000| Untracked 
|  53|0x00000000d4700000, 0x00000000d4700000, 0x00000000d4800000|  0%| F|  |TAMS 0x00000000d4700000, 0x00000000d4700000| Untracked 
|  54|0x00000000d4800000, 0x00000000d4800000, 0x00000000d4900000|  0%| F|  |TAMS 0x00000000d4800000, 0x00000000d4800000| Untracked 
|  55|0x00000000d4900000, 0x00000000d4900000, 0x00000000d4a00000|  0%| F|  |TAMS 0x00000000d4900000, 0x00000000d4900000| Untracked 
|  56|0x00000000d4a00000, 0x00000000d4a00000, 0x00000000d4b00000|  0%| F|  |TAMS 0x00000000d4a00000, 0x00000000d4a00000| Untracked 
|  57|0x00000000d4b00000, 0x00000000d4b00000, 0x00000000d4c00000|  0%| F|  |TAMS 0x00000000d4b00000, 0x00000000d4b00000| Untracked 
|  58|0x00000000d4c00000, 0x00000000d4c00000, 0x00000000d4d00000|  0%| F|  |TAMS 0x00000000d4c00000, 0x00000000d4c00000| Untracked 
|  59|0x00000000d4d00000, 0x00000000d4d00000, 0x00000000d4e00000|  0%| F|  |TAMS 0x00000000d4d00000, 0x00000000d4d00000| Untracked 
|  60|0x00000000d4e00000, 0x00000000d4e00000, 0x00000000d4f00000|  0%| F|  |TAMS 0x00000000d4e00000, 0x00000000d4e00000| Untracked 
|  61|0x00000000d4f00000, 0x00000000d4f00000, 0x00000000d5000000|  0%| F|  |TAMS 0x00000000d4f00000, 0x00000000d4f00000| Untracked 
|  62|0x00000000d5000000, 0x00000000d5000000, 0x00000000d5100000|  0%| F|  |TAMS 0x00000000d5000000, 0x00000000d5000000| Untracked 
|  63|0x00000000d5100000, 0x00000000d5100000, 0x00000000d5200000|  0%| F|  |TAMS 0x00000000d5100000, 0x00000000d5100000| Untracked 
|  64|0x00000000d5200000, 0x00000000d5200000, 0x00000000d5300000|  0%| F|  |TAMS 0x00000000d5200000, 0x00000000d5200000| Untracked 
|  65|0x00000000d5300000, 0x00000000d5300000, 0x00000000d5400000|  0%| F|  |TAMS 0x00000000d5300000, 0x00000000d5300000| Untracked 
|  66|0x00000000d5400000, 0x00000000d5400000, 0x00000000d5500000|  0%| F|  |TAMS 0x00000000d5400000, 0x00000000d5400000| Untracked 
|  67|0x00000000d5500000, 0x00000000d5500000, 0x00000000d5600000|  0%| F|  |TAMS 0x00000000d5500000, 0x00000000d5500000| Untracked 
|  68|0x00000000d5600000, 0x00000000d5600000, 0x00000000d5700000|  0%| F|  |TAMS 0x00000000d5600000, 0x00000000d5600000| Untracked 
|  69|0x00000000d5700000, 0x00000000d5700000, 0x00000000d5800000|  0%| F|  |TAMS 0x00000000d5700000, 0x00000000d5700000| Untracked 
|  70|0x00000000d5800000, 0x00000000d5800000, 0x00000000d5900000|  0%| F|  |TAMS 0x00000000d5800000, 0x00000000d5800000| Untracked 
|  71|0x00000000d5900000, 0x00000000d5900000, 0x00000000d5a00000|  0%| F|  |TAMS 0x00000000d5900000, 0x00000000d5900000| Untracked 
|  72|0x00000000d5a00000, 0x00000000d5a00000, 0x00000000d5b00000|  0%| F|  |TAMS 0x00000000d5a00000, 0x00000000d5a00000| Untracked 
|  73|0x00000000d5b00000, 0x00000000d5b00000, 0x00000000d5c00000|  0%| F|  |TAMS 0x00000000d5b00000, 0x00000000d5b00000| Untracked 
|  74|0x00000000d5c00000, 0x00000000d5c00000, 0x00000000d5d00000|  0%| F|  |TAMS 0x00000000d5c00000, 0x00000000d5c00000| Untracked 
|  75|0x00000000d5d00000, 0x00000000d5d00000, 0x00000000d5e00000|  0%| F|  |TAMS 0x00000000d5d00000, 0x00000000d5d00000| Untracked 
|  76|0x00000000d5e00000, 0x00000000d5e00000, 0x00000000d5f00000|  0%| F|  |TAMS 0x00000000d5e00000, 0x00000000d5e00000| Untracked 
|  77|0x00000000d5f00000, 0x00000000d5f00000, 0x00000000d6000000|  0%| F|  |TAMS 0x00000000d5f00000, 0x00000000d5f00000| Untracked 
|  78|0x00000000d6000000, 0x00000000d6000000, 0x00000000d6100000|  0%| F|  |TAMS 0x00000000d6000000, 0x00000000d6000000| Untracked 
|  79|0x00000000d6100000, 0x00000000d6100000, 0x00000000d6200000|  0%| F|  |TAMS 0x00000000d6100000, 0x00000000d6100000| Untracked 
|  80|0x00000000d6200000, 0x00000000d6200000, 0x00000000d6300000|  0%| F|  |TAMS 0x00000000d6200000, 0x00000000d6200000| Untracked 
|  81|0x00000000d6300000, 0x00000000d6300000, 0x00000000d6400000|  0%| F|  |TAMS 0x00000000d6300000, 0x00000000d6300000| Untracked 
|  82|0x00000000d6400000, 0x00000000d6400000, 0x00000000d6500000|  0%| F|  |TAMS 0x00000000d6400000, 0x00000000d6400000| Untracked 
|  83|0x00000000d6500000, 0x00000000d6500000, 0x00000000d6600000|  0%| F|  |TAMS 0x00000000d6500000, 0x00000000d6500000| Untracked 
|  84|0x00000000d6600000, 0x00000000d6600000, 0x00000000d6700000|  0%| F|  |TAMS 0x00000000d6600000, 0x00000000d6600000| Untracked 
|  85|0x00000000d6700000, 0x00000000d6700000, 0x00000000d6800000|  0%| F|  |TAMS 0x00000000d6700000, 0x00000000d6700000| Untracked 
|  86|0x00000000d6800000, 0x00000000d6800000, 0x00000000d6900000|  0%| F|  |TAMS 0x00000000d6800000, 0x00000000d6800000| Untracked 
|  87|0x00000000d6900000, 0x00000000d6900000, 0x00000000d6a00000|  0%| F|  |TAMS 0x00000000d6900000, 0x00000000d6900000| Untracked 
|  88|0x00000000d6a00000, 0x00000000d6a00000, 0x00000000d6b00000|  0%| F|  |TAMS 0x00000000d6a00000, 0x00000000d6a00000| Untracked 
|  89|0x00000000d6b00000, 0x00000000d6b00000, 0x00000000d6c00000|  0%| F|  |TAMS 0x00000000d6b00000, 0x00000000d6b00000| Untracked 
|  90|0x00000000d6c00000, 0x00000000d6c00000, 0x00000000d6d00000|  0%| F|  |TAMS 0x00000000d6c00000, 0x00000000d6c00000| Untracked 
|  91|0x00000000d6d00000, 0x00000000d6d00000, 0x00000000d6e00000|  0%| F|  |TAMS 0x00000000d6d00000, 0x00000000d6d00000| Untracked 
|  92|0x00000000d6e00000, 0x00000000d6e00000, 0x00000000d6f00000|  0%| F|  |TAMS 0x00000000d6e00000, 0x00000000d6e00000| Untracked 
|  93|0x00000000d6f00000, 0x00000000d6f00000, 0x00000000d7000000|  0%| F|  |TAMS 0x00000000d6f00000, 0x00000000d6f00000| Untracked 
|  94|0x00000000d7000000, 0x00000000d7000000, 0x00000000d7100000|  0%| F|  |TAMS 0x00000000d7000000, 0x00000000d7000000| Untracked 
|  95|0x00000000d7100000, 0x00000000d7100000, 0x00000000d7200000|  0%| F|  |TAMS 0x00000000d7100000, 0x00000000d7100000| Untracked 
|  96|0x00000000d7200000, 0x00000000d7200000, 0x00000000d7300000|  0%| F|  |TAMS 0x00000000d7200000, 0x00000000d7200000| Untracked 
|  97|0x00000000d7300000, 0x00000000d7300000, 0x00000000d7400000|  0%| F|  |TAMS 0x00000000d7300000, 0x00000000d7300000| Untracked 
|  98|0x00000000d7400000, 0x00000000d7400000, 0x00000000d7500000|  0%| F|  |TAMS 0x00000000d7400000, 0x00000000d7400000| Untracked 
|  99|0x00000000d7500000, 0x00000000d7500000, 0x00000000d7600000|  0%| F|  |TAMS 0x00000000d7500000, 0x00000000d7500000| Untracked 
| 100|0x00000000d7600000, 0x00000000d7600000, 0x00000000d7700000|  0%| F|  |TAMS 0x00000000d7600000, 0x00000000d7600000| Untracked 
| 101|0x00000000d7700000, 0x00000000d7700000, 0x00000000d7800000|  0%| F|  |TAMS 0x00000000d7700000, 0x00000000d7700000| Untracked 
| 102|0x00000000d7800000, 0x00000000d7900000, 0x00000000d7900000|100%| S|CS|TAMS 0x00000000d7800000, 0x00000000d7800000| Complete 
| 103|0x00000000d7900000, 0x00000000d7a00000, 0x00000000d7a00000|100%| S|CS|TAMS 0x00000000d7900000, 0x00000000d7900000| Complete 
| 104|0x00000000d7a00000, 0x00000000d7b00000, 0x00000000d7b00000|100%| S|CS|TAMS 0x00000000d7a00000, 0x00000000d7a00000| Complete 
| 105|0x00000000d7b00000, 0x00000000d7b00000, 0x00000000d7c00000|  0%| F|  |TAMS 0x00000000d7b00000, 0x00000000d7b00000| Untracked 
| 106|0x00000000d7c00000, 0x00000000d7c00000, 0x00000000d7d00000|  0%| F|  |TAMS 0x00000000d7c00000, 0x00000000d7c00000| Untracked 
| 107|0x00000000d7d00000, 0x00000000d7d00000, 0x00000000d7e00000|  0%| F|  |TAMS 0x00000000d7d00000, 0x00000000d7d00000| Untracked 
| 108|0x00000000d7e00000, 0x00000000d7e00000, 0x00000000d7f00000|  0%| F|  |TAMS 0x00000000d7e00000, 0x00000000d7e00000| Untracked 
| 109|0x00000000d7f00000, 0x00000000d7f00000, 0x00000000d8000000|  0%| F|  |TAMS 0x00000000d7f00000, 0x00000000d7f00000| Untracked 
| 110|0x00000000d8000000, 0x00000000d8000000, 0x00000000d8100000|  0%| F|  |TAMS 0x00000000d8000000, 0x00000000d8000000| Untracked 
| 111|0x00000000d8100000, 0x00000000d8100000, 0x00000000d8200000|  0%| F|  |TAMS 0x00000000d8100000, 0x00000000d8100000| Untracked 
| 112|0x00000000d8200000, 0x00000000d826b330, 0x00000000d8300000| 41%| E|  |TAMS 0x00000000d8200000, 0x00000000d8200000| Complete 
| 113|0x00000000d8300000, 0x00000000d8400000, 0x00000000d8400000|100%| E|CS|TAMS 0x00000000d8300000, 0x00000000d8300000| Complete 
| 114|0x00000000d8400000, 0x00000000d8500000, 0x00000000d8500000|100%| E|CS|TAMS 0x00000000d8400000, 0x00000000d8400000| Complete 
| 115|0x00000000d8500000, 0x00000000d8600000, 0x00000000d8600000|100%| E|CS|TAMS 0x00000000d8500000, 0x00000000d8500000| Complete 
| 116|0x00000000d8600000, 0x00000000d8700000, 0x00000000d8700000|100%| E|CS|TAMS 0x00000000d8600000, 0x00000000d8600000| Complete 
| 117|0x00000000d8700000, 0x00000000d8800000, 0x00000000d8800000|100%| E|CS|TAMS 0x00000000d8700000, 0x00000000d8700000| Complete 
| 118|0x00000000d8800000, 0x00000000d8900000, 0x00000000d8900000|100%| E|CS|TAMS 0x00000000d8800000, 0x00000000d8800000| Complete 
| 119|0x00000000d8900000, 0x00000000d8a00000, 0x00000000d8a00000|100%| E|CS|TAMS 0x00000000d8900000, 0x00000000d8900000| Complete 
| 120|0x00000000d8a00000, 0x00000000d8b00000, 0x00000000d8b00000|100%| E|CS|TAMS 0x00000000d8a00000, 0x00000000d8a00000| Complete 
| 121|0x00000000d8b00000, 0x00000000d8c00000, 0x00000000d8c00000|100%| E|CS|TAMS 0x00000000d8b00000, 0x00000000d8b00000| Complete 
| 122|0x00000000d8c00000, 0x00000000d8d00000, 0x00000000d8d00000|100%| E|CS|TAMS 0x00000000d8c00000, 0x00000000d8c00000| Complete 
| 123|0x00000000d8d00000, 0x00000000d8e00000, 0x00000000d8e00000|100%| E|CS|TAMS 0x00000000d8d00000, 0x00000000d8d00000| Complete 
| 124|0x00000000d8e00000, 0x00000000d8f00000, 0x00000000d8f00000|100%| E|CS|TAMS 0x00000000d8e00000, 0x00000000d8e00000| Complete 
| 125|0x00000000d8f00000, 0x00000000d9000000, 0x00000000d9000000|100%| E|CS|TAMS 0x00000000d8f00000, 0x00000000d8f00000| Complete 
| 126|0x00000000d9000000, 0x00000000d9100000, 0x00000000d9100000|100%| E|CS|TAMS 0x00000000d9000000, 0x00000000d9000000| Complete 
| 127|0x00000000d9100000, 0x00000000d9200000, 0x00000000d9200000|100%| E|CS|TAMS 0x00000000d9100000, 0x00000000d9100000| Complete 

Card table byte_map: [0x000001843f950000,0x000001843fad0000] _byte_map_base: 0x000001843f2c7000

Marking Bits (Prev, Next): (CMBitMap*) 0x000001842cd646f0, (CMBitMap*) 0x000001842cd64730
 Prev Bits: [0x000001843fc50000, 0x0000018440808000)
 Next Bits: [0x0000018440810000, 0x00000184413c8000)

Polling page: 0x000001842c500000

Metaspace:

Usage:
  Non-class:     15.61 MB used.
      Class:      1.67 MB used.
       Both:     17.27 MB used.

Virtual space:
  Non-class space:       16.00 MB reserved,      15.75 MB ( 98%) committed,  2 nodes.
      Class space:        1.00 GB reserved,       1.81 MB ( <1%) committed,  1 nodes.
             Both:        1.02 GB reserved,      17.56 MB (  2%) committed. 

Chunk freelists:
   Non-Class:  44.00 KB
       Class:  2.08 MB
        Both:  2.13 MB

MaxMetaspaceSize: unlimited
CompressedClassSpaceSize: 1.00 GB
Initial GC threshold: 21.00 MB
Current GC threshold: 21.00 MB
CDS: off
MetaspaceReclaimPolicy: balanced
 - commit_granule_bytes: 65536.
 - commit_granule_words: 8192.
 - virtual_space_node_default_size: 1048576.
 - enlarge_chunks_in_place: 1.
 - new_chunks_are_fully_committed: 0.
 - uncommit_free_chunks: 1.
 - use_allocation_guard: 0.
 - handle_deallocations: 1.


Internal statistics:

num_allocs_failed_limit: 0.
num_arena_births: 350.
num_arena_deaths: 0.
num_vsnodes_births: 3.
num_vsnodes_deaths: 0.
num_space_committed: 281.
num_space_uncommitted: 0.
num_chunks_returned_to_freelist: 0.
num_chunks_taken_from_freelist: 647.
num_chunk_merges: 0.
num_chunk_splits: 383.
num_chunks_enlarged: 179.
num_purges: 0.
num_inconsistent_stats: 0.

CodeHeap 'non-profiled nmethods': size=120000Kb used=686Kb max_used=686Kb free=119313Kb
 bounds [0x0000018437f70000, 0x00000184381e0000, 0x000001843f4a0000]
CodeHeap 'profiled nmethods': size=120000Kb used=3892Kb max_used=3892Kb free=116107Kb
 bounds [0x00000184304a0000, 0x0000018430870000, 0x00000184379d0000]
CodeHeap 'non-nmethods': size=5760Kb used=1200Kb max_used=1247Kb free=4559Kb
 bounds [0x00000184379d0000, 0x0000018437c40000, 0x0000018437f70000]
 total_blobs=2465 nmethods=1974 adapters=404
 compilation: enabled
              stopped_count=0, restarted_count=0
 full_count=0

Compilation events (20 events):
Event: 8.311 Thread 0x000001844482d330 nmethod 1949 0x0000018430867210 code [0x0000018430867420, 0x0000018430867b48]
Event: 8.311 Thread 0x000001844482d330 1948       3       java.util.WeakHashMap::get (75 bytes)
Event: 8.311 Thread 0x000001844482d330 nmethod 1948 0x0000018430867d10 code [0x0000018430867f40, 0x00000184308687f8]
Event: 8.314 Thread 0x000001844482d330 1950       3       java.util.HashMap::remove (26 bytes)
Event: 8.314 Thread 0x000001844482d330 nmethod 1950 0x0000018430868b90 code [0x0000018430868d60, 0x00000184308690d8]
Event: 8.314 Thread 0x000001844482d330 1951       3       java.util.HashMap::afterNodeRemoval (1 bytes)
Event: 8.314 Thread 0x000001844482d330 nmethod 1951 0x0000018430869210 code [0x00000184308693a0, 0x00000184308694b8]
Event: 8.327 Thread 0x000001844482d330 1953       3       dm.jdbc.a.b.o::a (31 bytes)
Event: 8.327 Thread 0x000001844482d330 nmethod 1953 0x0000018430869590 code [0x0000018430869740, 0x00000184308699d8]
Event: 8.329 Thread 0x00000184452cc400 nmethod 1942 0x0000018438011110 code [0x0000018438011400, 0x0000018438013de8]
Event: 8.329 Thread 0x00000184452cc400 1952 % !   4       sun.nio.cs.GB18030$Encoder::encodeArrayLoop @ 69 (762 bytes)
Event: 8.337 Thread 0x00000184452cc400 nmethod 1952% 0x0000018438015d10 code [0x0000018438015ec0, 0x00000184380167b8]
Event: 8.337 Thread 0x00000184452cc400 1954       4       java.io.ObjectInputStream$BlockDataInputStream::setBlockDataMode (74 bytes)
Event: 8.338 Thread 0x00000184452cc400 nmethod 1954 0x0000018438016d90 code [0x0000018438016f00, 0x0000018438016fd8]
Event: 8.338 Thread 0x00000184452cc400 1944       4       java.io.ObjectStreamField::getSignature (39 bytes)
Event: 8.338 Thread 0x00000184452cc400 nmethod 1944 0x0000018438017090 code [0x0000018438017200, 0x0000018438017298]
Event: 8.338 Thread 0x00000184452cc400 1955       4       java.io.ObjectInputStream$BlockDataInputStream::readByte (20 bytes)
Event: 8.338 Thread 0x00000184452cc400 nmethod 1955 0x0000018438017390 code [0x0000018438017520, 0x00000184380175c8]
Event: 8.339 Thread 0x000001844482d330 1957       3       jdk.internal.misc.Unsafe::weakCompareAndSetInt (11 bytes)
Event: 8.339 Thread 0x000001844482d330 nmethod 1957 0x0000018430869b10 code [0x0000018430869ca0, 0x0000018430869dd8]

GC Heap History (2 events):
Event: 7.923 GC heap before
{Heap before GC invocations=0 (full 0):
 garbage-first heap   total 131072K, used 22528K [0x00000000d1200000, 0x0000000100000000)
  region size 1024K, 23 young (23552K), 0 survivors (0K)
 Metaspace       used 16730K, committed 16960K, reserved 1064960K
  class space    used 1667K, committed 1792K, reserved 1048576K
}
Event: 7.928 GC heap after
{Heap after GC invocations=1 (full 0):
 garbage-first heap   total 131072K, used 5328K [0x00000000d1200000, 0x0000000100000000)
  region size 1024K, 3 young (3072K), 3 survivors (3072K)
 Metaspace       used 16730K, committed 16960K, reserved 1064960K
  class space    used 1667K, committed 1792K, reserved 1048576K
}

Dll operation events (1 events):
Event: 0.008 Loaded shared library D:\IDEA\IntelliJ IDEA 2022.1.1\jbr\bin\java.dll

Deoptimization events (20 events):
Event: 0.519 Thread 0x0000018444d65420 DEOPT PACKING pc=0x0000018437facba8 sp=0x00000048db4fcea0
Event: 0.519 Thread 0x0000018444d65420 DEOPT UNPACKING pc=0x0000018437a2a1a3 sp=0x00000048db4fce48 mode 2
Event: 0.519 Thread 0x0000018444d65420 Uncommon trap: trap_request=0xffffff45 fr.pc=0x0000018437f79efc relative=0x000000000000007c
Event: 0.519 Thread 0x0000018444d65420 Uncommon trap: reason=unstable_if action=reinterpret pc=0x0000018437f79efc method=java.lang.String.charAt(I)C @ 4 c2
Event: 0.519 Thread 0x0000018444d65420 DEOPT PACKING pc=0x0000018437f79efc sp=0x00000048db4fce10
Event: 0.519 Thread 0x0000018444d65420 DEOPT UNPACKING pc=0x0000018437a2a1a3 sp=0x00000048db4fcdb0 mode 2
Event: 0.519 Thread 0x0000018444d65420 Uncommon trap: trap_request=0xffffff45 fr.pc=0x0000018437fb79c0 relative=0x0000000000000340
Event: 0.519 Thread 0x0000018444d65420 Uncommon trap: reason=unstable_if action=reinterpret pc=0x0000018437fb79c0 method=java.lang.StringUTF16.compress([CI[BII)I @ 20 c2
Event: 0.519 Thread 0x0000018444d65420 DEOPT PACKING pc=0x0000018437fb79c0 sp=0x00000048db4fce30
Event: 0.519 Thread 0x0000018444d65420 DEOPT UNPACKING pc=0x0000018437a2a1a3 sp=0x00000048db4fcdb0 mode 2
Event: 0.533 Thread 0x0000018444d65420 Uncommon trap: trap_request=0xffffff45 fr.pc=0x0000018437fa5558 relative=0x0000000000000518
Event: 0.533 Thread 0x0000018444d65420 Uncommon trap: reason=unstable_if action=reinterpret pc=0x0000018437fa5558 method=java.lang.String.getBytes([BIIBI)V @ 6 c2
Event: 0.533 Thread 0x0000018444d65420 DEOPT PACKING pc=0x0000018437fa5558 sp=0x00000048db4fe030
Event: 0.533 Thread 0x0000018444d65420 DEOPT UNPACKING pc=0x0000018437a2a1a3 sp=0x00000048db4fde40 mode 2
Event: 7.791 Thread 0x0000018444d65420 DEOPT PACKING pc=0x000001843052faba sp=0x00000048db4fdaf0
Event: 7.791 Thread 0x0000018444d65420 DEOPT UNPACKING pc=0x0000018437a2ace3 sp=0x00000048db4fcf68 mode 0
Event: 7.964 Thread 0x0000018444d65420 DEOPT PACKING pc=0x00000184305bf4be sp=0x00000048db4fe770
Event: 7.964 Thread 0x0000018444d65420 DEOPT UNPACKING pc=0x0000018437a2ace3 sp=0x00000048db4fdbe8 mode 0
Event: 8.182 Thread 0x0000018444d65420 DEOPT PACKING pc=0x0000018430672fee sp=0x00000048db4fe250
Event: 8.182 Thread 0x0000018444d65420 DEOPT UNPACKING pc=0x0000018437a2ace3 sp=0x00000048db4fd6a8 mode 0

Classes unloaded (0 events):
No events

Classes redefined (0 events):
No events

Internal exceptions (20 events):
Event: 0.389 Thread 0x0000018444d65420 Exception <a 'java/lang/NoSuchMethodError'{0x00000000d8630b08}: 'void java.lang.invoke.DirectMethodHandle$Holder.invokeSpecial(java.lang.Object, java.lang.Object, java.lang.Object)'> (0x00000000d8630b08) 
thrown [s\src\hotspot\share\interpreter\linkResolver.cpp, line 771]
Event: 0.390 Thread 0x0000018444d65420 Exception <a 'java/lang/NoSuchMethodError'{0x00000000d8634070}: 'void java.lang.invoke.Invokers$Holder.invoke_MT(java.lang.Object, java.lang.Object, java.lang.Object)'> (0x00000000d8634070) 
thrown [s\src\hotspot\share\interpreter\linkResolver.cpp, line 771]
Event: 0.390 Thread 0x0000018444d3e180 Exception <a 'java/lang/NoSuchMethodError'{0x00000000d867ebe8}: 'java.lang.Object java.lang.invoke.DirectMethodHandle$Holder.newInvokeSpecial(java.lang.Object, java.lang.Object, int, java.lang.Object, long)'> (0x00000000d867ebe8) 
thrown [s\src\hotspot\share\interpreter\linkResolver.cpp, line 771]
Event: 0.441 Thread 0x0000018444d65420 Exception <a 'java/lang/NoSuchMethodError'{0x00000000d83368a8}: 'void java.lang.invoke.DirectMethodHandle$Holder.invokeStatic(java.lang.Object, long)'> (0x00000000d83368a8) 
thrown [s\src\hotspot\share\interpreter\linkResolver.cpp, line 771]
Event: 0.441 Thread 0x0000018444d65420 Exception <a 'java/lang/NoSuchMethodError'{0x00000000d833bef8}: 'java.lang.Object java.lang.invoke.DirectMethodHandle$Holder.newInvokeSpecial(java.lang.Object, long)'> (0x00000000d833bef8) 
thrown [s\src\hotspot\share\interpreter\linkResolver.cpp, line 771]
Event: 0.442 Thread 0x0000018444d65420 Exception <a 'java/lang/NoSuchMethodError'{0x00000000d83430e0}: 'java.lang.Object java.lang.invoke.DirectMethodHandle$Holder.invokeStatic(java.lang.Object, java.lang.Object, long, java.lang.Object)'> (0x00000000d83430e0) 
thrown [s\src\hotspot\share\interpreter\linkResolver.cpp, line 771]
Event: 0.443 Thread 0x0000018444d65420 Exception <a 'java/lang/NoSuchMethodError'{0x00000000d8346b78}: 'java.lang.Object java.lang.invoke.DirectMethodHandle$Holder.invokeStaticInit(java.lang.Object, java.lang.Object, long, java.lang.Object)'> (0x00000000d8346b78) 
thrown [s\src\hotspot\share\interpreter\linkResolver.cpp, line 771]
Event: 0.443 Thread 0x0000018444d65420 Exception <a 'java/lang/NoSuchMethodError'{0x00000000d834d1c0}: 'java.lang.Object java.lang.invoke.DirectMethodHandle$Holder.newInvokeSpecial(java.lang.Object, java.lang.Object, long)'> (0x00000000d834d1c0) 
thrown [s\src\hotspot\share\interpreter\linkResolver.cpp, line 771]
Event: 0.519 Thread 0x0000018444d65420 Exception <a 'java/io/IOException'{0x00000000d800dd58}> (0x00000000d800dd58) 
thrown [s\src\hotspot\share\prims\jni.cpp, line 517]
Event: 0.523 Thread 0x0000018444d65420 Exception <a 'java/lang/NoSuchMethodError'{0x00000000d80327e8}: 'java.lang.Object java.lang.invoke.DirectMethodHandle$Holder.invokeInterface(java.lang.Object, java.lang.Object)'> (0x00000000d80327e8) 
thrown [s\src\hotspot\share\interpreter\linkResolver.cpp, line 771]
Event: 0.533 Thread 0x0000018444d65420 Exception <a 'java/lang/reflect/InvocationTargetException'{0x00000000d80a6c58}> (0x00000000d80a6c58) 
thrown [s\src\hotspot\share\runtime\reflection.cpp, line 1127]
Event: 0.537 Thread 0x0000018444d65420 Exception <a 'java/lang/NoSuchMethodError'{0x00000000d80da948}: static [Ljava/lang/StackTraceElement;.<clinit>()V> (0x00000000d80da948) 
thrown [s\src\hotspot\share\prims\jni.cpp, line 1108]
Event: 7.770 Thread 0x0000018444d65420 Exception <a 'sun/nio/fs/WindowsException'{0x00000000d7f82fe8}> (0x00000000d7f82fe8) 
thrown [s\src\hotspot\share\prims\jni.cpp, line 517]
Event: 7.893 Thread 0x0000018444d65420 Exception <a 'java/lang/NoSuchMethodError'{0x00000000d7b4f4e0}: static Lcom/intellij/database/remote/jdba/core/ConnectionInfo;.<clinit>()V> (0x00000000d7b4f4e0) 
thrown [s\src\hotspot\share\prims\jni.cpp, line 1108]
Event: 7.893 Thread 0x0000018444d65420 Exception <a 'java/lang/NoSuchMethodError'{0x00000000d7b59898}: static Ljava/lang/Object;.<clinit>()V> (0x00000000d7b59898) 
thrown [s\src\hotspot\share\prims\jni.cpp, line 1108]
Event: 7.894 Thread 0x0000018444d65420 Exception <a 'java/lang/NoSuchMethodError'{0x00000000d7b5d3e8}: static [I.<clinit>()V> (0x00000000d7b5d3e8) 
thrown [s\src\hotspot\share\prims\jni.cpp, line 1108]
Event: 7.970 Thread 0x0000018444d65420 Exception <a 'java/lang/NoSuchMethodError'{0x00000000d8f16498}: static Lcom/intellij/database/remote/jdbc/RemoteResultSet$DataRetrievingOptions;.<clinit>()V> (0x00000000d8f16498) 
thrown [s\src\hotspot\share\prims\jni.cpp, line 1108]
Event: 7.972 Thread 0x0000018444d65420 Exception <a 'java/lang/NoSuchMethodError'{0x00000000d8f22b58}: static [Ljava/lang/Object;.<clinit>()V> (0x00000000d8f22b58) 
thrown [s\src\hotspot\share\prims\jni.cpp, line 1108]
Event: 7.978 Thread 0x0000018444d65420 Exception <a 'java/lang/NoSuchMethodError'{0x00000000d8f55348}: 'java.lang.Object java.lang.invoke.DirectMethodHandle$Holder.invokeSpecial(java.lang.Object, java.lang.Object, java.lang.Object, java.lang.Object, int)'> (0x00000000d8f55348) 
thrown [s\src\hotspot\share\interpreter\linkResolver.cpp, line 771]
Event: 7.978 Thread 0x0000018444d65420 Exception <a 'java/lang/NoSuchMethodError'{0x00000000d8f58f10}: 'java.lang.Object java.lang.invoke.Invokers$Holder.linkToTargetMethod(java.lang.Object, java.lang.Object, int, java.lang.Object)'> (0x00000000d8f58f10) 
thrown [s\src\hotspot\share\interpreter\linkResolver.cpp, line 771]

VM Operations (18 events):
Event: 0.113 Executing VM operation: HandshakeAllThreads
Event: 0.113 Executing VM operation: HandshakeAllThreads done
Event: 0.167 Executing VM operation: HandshakeAllThreads
Event: 0.167 Executing VM operation: HandshakeAllThreads done
Event: 0.431 Executing VM operation: HandshakeAllThreads
Event: 0.431 Executing VM operation: HandshakeAllThreads done
Event: 1.431 Executing VM operation: Cleanup
Event: 1.431 Executing VM operation: Cleanup done
Event: 7.771 Executing VM operation: HandshakeAllThreads
Event: 7.771 Executing VM operation: HandshakeAllThreads done
Event: 7.771 Executing VM operation: Cleanup
Event: 7.771 Executing VM operation: Cleanup done
Event: 7.775 Executing VM operation: HandshakeAllThreads
Event: 7.775 Executing VM operation: HandshakeAllThreads done
Event: 7.858 Executing VM operation: HandshakeAllThreads
Event: 7.858 Executing VM operation: HandshakeAllThreads done
Event: 7.923 Executing VM operation: G1CollectForAllocation
Event: 7.928 Executing VM operation: G1CollectForAllocation done

Events (20 events):
Event: 7.920 loading class java/util/Calendar
Event: 7.921 loading class java/util/Calendar done
Event: 7.928 loading class sun/rmi/transport/DGCClient$EndpointEntry$CleanRequest
Event: 7.928 loading class sun/rmi/transport/DGCClient$EndpointEntry$CleanRequest done
Event: 7.935 loading class sun/util/calendar/CalendarSystem
Event: 7.935 loading class sun/util/calendar/CalendarSystem done
Event: 7.935 loading class sun/util/calendar/CalendarSystem$GregorianHolder
Event: 7.935 loading class sun/util/calendar/CalendarSystem$GregorianHolder done
Event: 7.935 loading class sun/util/calendar/Gregorian
Event: 7.935 loading class sun/util/calendar/BaseCalendar
Event: 7.935 loading class sun/util/calendar/AbstractCalendar
Event: 7.935 loading class sun/util/calendar/AbstractCalendar done
Event: 7.935 loading class sun/util/calendar/BaseCalendar done
Event: 7.935 loading class sun/util/calendar/Gregorian done
Event: 7.956 loading class java/math/MathContext
Event: 7.956 loading class java/math/MathContext done
Event: 7.956 loading class java/math/RoundingMode
Event: 7.956 loading class java/math/RoundingMode done
Event: 8.007 loading class java/util/DualPivotQuicksort
Event: 8.008 loading class java/util/DualPivotQuicksort done


Dynamic libraries:
0x00007ff71e750000 - 0x00007ff71e75a000 	D:\IDEA\IntelliJ IDEA 2022.1.1\jbr\bin\java.exe
0x00007ffebcb30000 - 0x00007ffebcd28000 	C:\WINDOWS\SYSTEM32\ntdll.dll
0x00007ffebc680000 - 0x00007ffebc73f000 	C:\WINDOWS\System32\KERNEL32.DLL
0x00007ffeba2b0000 - 0x00007ffeba5a6000 	C:\WINDOWS\System32\KERNELBASE.dll
0x00007ffeba770000 - 0x00007ffeba870000 	C:\WINDOWS\System32\ucrtbase.dll
0x00007ffe97e60000 - 0x00007ffe97e7b000 	D:\IDEA\IntelliJ IDEA 2022.1.1\jbr\bin\VCRUNTIME140.dll
0x00007ffeb3140000 - 0x00007ffeb3157000 	D:\IDEA\IntelliJ IDEA 2022.1.1\jbr\bin\jli.dll
0x00007ffebb8d0000 - 0x00007ffebba6d000 	C:\WINDOWS\System32\USER32.dll
0x00007ffeba5b0000 - 0x00007ffeba5d2000 	C:\WINDOWS\System32\win32u.dll
0x00007ffebacf0000 - 0x00007ffebad1c000 	C:\WINDOWS\System32\GDI32.dll
0x00007ffea0460000 - 0x00007ffea06fa000 	C:\WINDOWS\WinSxS\amd64_microsoft.windows.common-controls_6595b64144ccf1df_6.0.19041.1110_none_60b5254171f9507e\COMCTL32.dll
0x00007ffebaa70000 - 0x00007ffebab85000 	C:\WINDOWS\System32\gdi32full.dll
0x00007ffeba9d0000 - 0x00007ffebaa6d000 	C:\WINDOWS\System32\msvcp_win.dll
0x00007ffebb660000 - 0x00007ffebb6fe000 	C:\WINDOWS\System32\msvcrt.dll
0x00007ffebac00000 - 0x00007ffebac30000 	C:\WINDOWS\System32\IMM32.DLL
0x00007ffeb2f50000 - 0x00007ffeb2f5c000 	D:\IDEA\IntelliJ IDEA 2022.1.1\jbr\bin\vcruntime140_1.dll
0x00007ffe91e00000 - 0x00007ffe91e8d000 	D:\IDEA\IntelliJ IDEA 2022.1.1\jbr\bin\msvcp140.dll
0x00007ffe5cd10000 - 0x00007ffe5d97e000 	D:\IDEA\IntelliJ IDEA 2022.1.1\jbr\bin\server\jvm.dll
0x00007ffebbfb0000 - 0x00007ffebc05f000 	C:\WINDOWS\System32\ADVAPI32.dll
0x00007ffebb700000 - 0x00007ffebb79c000 	C:\WINDOWS\System32\sechost.dll
0x00007ffebb7a0000 - 0x00007ffebb8c6000 	C:\WINDOWS\System32\RPCRT4.dll
0x00007ffeb3390000 - 0x00007ffeb339a000 	C:\WINDOWS\SYSTEM32\VERSION.dll
0x00007ffea1e50000 - 0x00007ffea1e77000 	C:\WINDOWS\SYSTEM32\WINMM.dll
0x00007ffeb5c30000 - 0x00007ffeb5c39000 	C:\WINDOWS\SYSTEM32\WSOCK32.dll
0x00007ffebc9a0000 - 0x00007ffebca0b000 	C:\WINDOWS\System32\WS2_32.dll
0x00007ffeb8a60000 - 0x00007ffeb8a72000 	C:\WINDOWS\SYSTEM32\kernel.appcore.dll
0x00007ffeb5a80000 - 0x00007ffeb5a8a000 	D:\IDEA\IntelliJ IDEA 2022.1.1\jbr\bin\jimage.dll
0x00007ffeb7e30000 - 0x00007ffeb8014000 	C:\WINDOWS\SYSTEM32\DBGHELP.DLL
0x00007ffea6290000 - 0x00007ffea62c4000 	C:\WINDOWS\SYSTEM32\dbgcore.DLL
0x00007ffeba6e0000 - 0x00007ffeba762000 	C:\WINDOWS\System32\bcryptPrimitives.dll
0x00007ffeb3550000 - 0x00007ffeb3575000 	D:\IDEA\IntelliJ IDEA 2022.1.1\jbr\bin\java.dll
0x00007ffeb4950000 - 0x00007ffeb4968000 	D:\IDEA\IntelliJ IDEA 2022.1.1\jbr\bin\zip.dll
0x00007ffebad20000 - 0x00007ffebb464000 	C:\WINDOWS\System32\SHELL32.dll
0x00007ffeb82b0000 - 0x00007ffeb8a43000 	C:\WINDOWS\SYSTEM32\windows.storage.dll
0x00007ffebbc50000 - 0x00007ffebbfa4000 	C:\WINDOWS\System32\combase.dll
0x00007ffeb9c70000 - 0x00007ffeb9c9e000 	C:\WINDOWS\SYSTEM32\Wldp.dll
0x00007ffebc070000 - 0x00007ffebc11d000 	C:\WINDOWS\System32\SHCORE.dll
0x00007ffebac90000 - 0x00007ffebace5000 	C:\WINDOWS\System32\shlwapi.dll
0x00007ffeba150000 - 0x00007ffeba16f000 	C:\WINDOWS\SYSTEM32\profapi.dll
0x00007ffeb33e0000 - 0x00007ffeb33f9000 	D:\IDEA\IntelliJ IDEA 2022.1.1\jbr\bin\net.dll
0x00007ffeb53b0000 - 0x00007ffeb54ba000 	C:\WINDOWS\SYSTEM32\WINHTTP.dll
0x00007ffeb99d0000 - 0x00007ffeb9a3a000 	C:\WINDOWS\system32\mswsock.dll
0x00007ffeb31d0000 - 0x00007ffeb31e6000 	D:\IDEA\IntelliJ IDEA 2022.1.1\jbr\bin\nio.dll
0x00007ffeb9670000 - 0x00007ffeb96ac000 	C:\WINDOWS\SYSTEM32\IPHLPAPI.DLL
0x00007ffebc060000 - 0x00007ffebc068000 	C:\WINDOWS\System32\NSI.dll
0x00007ffeb1990000 - 0x00007ffeb19a7000 	C:\WINDOWS\SYSTEM32\dhcpcsvc6.DLL
0x00007ffeb1960000 - 0x00007ffeb197d000 	C:\WINDOWS\SYSTEM32\dhcpcsvc.DLL
0x00007ffeb9710000 - 0x00007ffeb97db000 	C:\WINDOWS\SYSTEM32\DNSAPI.dll
0x00007ffeb9bc0000 - 0x00007ffeb9bd8000 	C:\WINDOWS\SYSTEM32\CRYPTSP.dll
0x00007ffeb9280000 - 0x00007ffeb92b4000 	C:\WINDOWS\system32\rsaenh.dll
0x00007ffeba280000 - 0x00007ffeba2a7000 	C:\WINDOWS\System32\bcrypt.dll
0x00007ffeba0d0000 - 0x00007ffeba0fe000 	C:\WINDOWS\SYSTEM32\USERENV.dll
0x00007ffeb9be0000 - 0x00007ffeb9bec000 	C:\WINDOWS\SYSTEM32\CRYPTBASE.dll
0x00007ffeb2ec0000 - 0x00007ffeb2ec7000 	D:\IDEA\IntelliJ IDEA 2022.1.1\jbr\bin\rmi.dll

dbghelp: loaded successfully - version: 4.0.5 - missing functions: none
symbol engine: initialized successfully - sym options: 0x614 - pdb path: .;D:\IDEA\IntelliJ IDEA 2022.1.1\jbr\bin;C:\WINDOWS\SYSTEM32;C:\WINDOWS\WinSxS\amd64_microsoft.windows.common-controls_6595b64144ccf1df_6.0.19041.1110_none_60b5254171f9507e;D:\IDEA\IntelliJ IDEA 2022.1.1\jbr\bin\server

VM Arguments:
jvm_args: -Djava.rmi.server.hostname=127.0.0.1 -Duser.timezone=UTC -Xmx750m -Xms128m --add-exports=java.desktop/sun.awt=ALL-UNNAMED --add-exports=java.desktop/java.awt.peer=ALL-UNNAMED --add-opens=java.desktop/java.awt=ALL-UNNAMED --add-opens=jdk.unsupported/sun.misc=ALL-UNNAMED --add-opens=java.base/java.nio=ALL-UNNAMED --add-opens=java.base/java.util=ALL-UNNAMED -Dfile.encoding=UTF-8 
java_command: com.intellij.database.remote.RemoteJdbcServer dm.jdbc.driver.DmDriver
java_class_path (initial): D:\IDEA\IntelliJ IDEA 2022.1.1\lib\util_rt.jar;D:\IDEA\IntelliJ IDEA 2022.1.1\lib\util-8.jar;D:\IDEA\IntelliJ IDEA 2022.1.1\lib\groovy.jar;D:\IDEA\IntelliJ IDEA 2022.1.1\plugins\DatabaseTools\lib\jdbc-console.jar;D:\IDEA\IntelliJ IDEA 2022.1.1\plugins\grid-core-impl\lib\jdbc-console-types.jar;D:\IDEA\IntelliJ IDEA 2022.1.1\lib\util.jar;D:\dmdbms\drivers\jdbc\DmJdbcDriver18.jar
Launcher Type: SUN_STANDARD

[Global flags]
     intx CICompilerCount                          = 4                                         {product} {ergonomic}
     uint ConcGCThreads                            = 2                                         {product} {ergonomic}
     uint G1ConcRefinementThreads                  = 8                                         {product} {ergonomic}
   size_t G1HeapRegionSize                         = 1048576                                   {product} {ergonomic}
    uintx GCDrainStackTargetSize                   = 64                                        {product} {ergonomic}
   size_t InitialHeapSize                          = 134217728                                 {product} {command line}
   size_t MarkStackSize                            = 4194304                                   {product} {ergonomic}
   size_t MaxHeapSize                              = 786432000                                 {product} {command line}
   size_t MaxNewSize                               = 471859200                                 {product} {ergonomic}
   size_t MinHeapDeltaBytes                        = 1048576                                   {product} {ergonomic}
   size_t MinHeapSize                              = 134217728                                 {product} {command line}
    uintx NonNMethodCodeHeapSize                   = 5839372                                {pd product} {ergonomic}
    uintx NonProfiledCodeHeapSize                  = 122909434                              {pd product} {ergonomic}
    uintx ProfiledCodeHeapSize                     = 122909434                              {pd product} {ergonomic}
    uintx ReservedCodeCacheSize                    = 251658240                              {pd product} {ergonomic}
     bool SegmentedCodeCache                       = true                                      {product} {ergonomic}
   size_t SoftMaxHeapSize                          = 786432000                              {manageable} {ergonomic}
     bool UseCompressedClassPointers               = true                           {product lp64_product} {ergonomic}
     bool UseCompressedOops                        = true                           {product lp64_product} {ergonomic}
     bool UseG1GC                                  = true                                      {product} {ergonomic}
     bool UseLargePagesIndividualAllocation        = false                                  {pd product} {ergonomic}

Logging:
Log output configuration:
 #0: stdout all=warning uptime,level,tags
 #1: stderr all=off uptime,level,tags

Environment Variables:
JAVA_HOME=D:\environment\jdk8
PATH=D:\python3.8\Scripts\;D:\python3.8\;C:\Program Files (x86)\Common Files\Oracle\Java\javapath;D:\VMware\bin\;C:\WINDOWS\system32;C:\WINDOWS;C:\WINDOWS\System32\Wbem;C:\WINDOWS\System32\WindowsPowerShell\v1.0\;C:\WINDOWS\System32\OpenSSH\;D:\Git\Git\cmd;D:\Mysql\bin;E:\runtime\win64;E:\Chrome;D:\Node.js\;D:\environment\jdk8\bin;D:\environment\jdk8\jre\bin;E:\bin;E:\polyspace\bin;E:\EasyShare\x86\;E:\EasyShare\x64\;E:\;D:\BaiduNetdiskDownload\mingw64_GCC8.1\mingw64\bin;E:\latex\texlive\2022;D:\environment\apache-maven-3.6.1\bin;E:\AWS\;C:\Users\HP\AppData\Local\Programs\Python\Python310\Scripts\;C:\Users\HP\AppData\Local\Programs\Python\Python310\;C:\Users\HP\AppData\Local\Microsoft\WindowsApps;D:\pycharm-new\PyCharm 2022.2.4\bin;;D:\WebStorm\WebStorm 2022.1.2\bin;;C:\Users\HP\AppData\Roaming\npm;D:\Microsoft VS Code\bin;D:\DataSpell\DataSpell 2022.2\bin;;E:\latex\miktex\bin\x64\;F:\clion\CLion 2022.3\bin;;C:\Program Files\Azure Data Studio\bin
USERNAME=BH
OS=Windows_NT
PROCESSOR_IDENTIFIER=Intel64 Family 6 Model 140 Stepping 1, GenuineIntel
TMP=C:\Users\HP\AppData\Local\Temp
TEMP=C:\Users\HP\AppData\Local\Temp


JNI global refs:
JNI global refs: 18, weak refs: 0

JNI global refs memory usage: 843, weak refs: 841


---------------  S Y S T E M  ---------------

OS:
 Windows 10 , 64 bit Build 19041 (10.0.19041.2913)
OS uptime: 3 days 10:29 hours

CPU: total 8 (initial active 8) (4 cores per cpu, 2 threads per core) family 6 model 140 stepping 1 microcode 0xa4, cx8, cmov, fxsr, ht, mmx, 3dnowpref, sse, sse2, sse3, ssse3, sse4.1, sse4.2, popcnt, lzcnt, tsc, tscinvbit, avx, avx2, aes, erms, clmul, bmi1, bmi2, adx, avx512f, avx512dq, avx512cd, avx512bw, avx512vl, sha, fma, vzeroupper, avx512_vpopcntdq, avx512_vpclmulqdq, avx512_vaes, avx512_vnni, clflush, clflushopt, clwb, avx512_vbmi2, avx512_vbmi

Memory: 4k page, system-wide physical 16129M (945M free)
TotalPageFile size 31386M (AvailPageFile size 4M)
current process WorkingSet (physical memory assigned to process): 108M, peak: 111M
current process commit charge ("private bytes"): 249M, peak: 251M

vm_info: OpenJDK 64-Bit Server VM (17.0.6+10-b829.9) for windows-amd64 JRE (17.0.6+10-b829.9), built on 2023-04-09 by "builduser" with MS VC++ 16.10 / 16.11 (VS2019)

END.
